    ITER          TIME      CPUDT          DT      CFL     DNUM         DIV              MOM              TKE
       0             0     0.0001   1.932E-01   0.3106   0.4000   5.540E-02   4.99981737E-02   1.50148972E-03
      20       3.86384    28.5171   1.932E-01   0.2268   0.4000   9.385E-16   2.81999724E-02   6.42500256E-04
      40       7.72767    26.4049   1.932E-01   0.2264   0.4000   9.312E-16   2.81999722E-02   6.39805778E-04
      60       11.5915    26.7851   1.932E-01   0.2261   0.4000   8.901E-16   2.81999721E-02   6.37761032E-04
      80       15.4553    26.7692   1.932E-01   0.2260   0.4000   9.142E-16   2.81999720E-02   6.36051024E-04
     100       19.3192    26.4613   1.932E-01   0.2257   0.4000   8.777E-16   2.81999719E-02   6.34554366E-04
     120        23.183    26.4235   1.932E-01   0.2256   0.4000   9.213E-16   2.81999719E-02   6.33208920E-04
     140       27.0469    26.5781   1.932E-01   0.2254   0.4000   8.924E-16   2.81999718E-02   6.31977795E-04
     160       30.7728    26.4541   1.932E-01   0.2253   0.4000   9.467E-16   2.81999718E-02   6.30876331E-04
     180       34.6366    26.4281   1.932E-01   0.2251   0.4000   9.742E-16   2.81999717E-02   6.29806677E-04
     200       38.5004    26.4862   1.932E-01   0.2251   0.4000   9.624E-16   2.81999717E-02   6.28798806E-04
     220       42.3643    26.4975   1.932E-01   0.2249   0.4000   9.362E-16   2.81999717E-02   6.27843427E-04
     240       46.2281    26.8368   1.932E-01   0.2249   0.4000   9.250E-16   2.81999716E-02   6.26933318E-04
     260        50.092    26.5654   1.932E-01   0.2248   0.4000   8.992E-16   2.81999716E-02   6.26062727E-04
     280       53.9558    26.4942   1.932E-01   0.2247   0.4000   8.801E-16   2.81999716E-02   6.25226984E-04
     300       57.8196    26.4723   1.932E-01   0.2246   0.4000   9.086E-16   2.81999716E-02   6.24422230E-04
     320       61.5455    28.6679   1.932E-01   0.2246   0.4000   9.173E-16   2.81999715E-02   6.23672526E-04
     340       65.4094    26.6948   1.932E-01   0.2245   0.4000   9.372E-16   2.81999715E-02   6.22919698E-04
     360       69.2732    26.6788   1.932E-01   0.2244   0.4000   9.516E-16   2.81999715E-02   6.22189613E-04
     380        73.137    27.7587   1.932E-01   0.2244   0.4000   9.158E-16   2.81999715E-02   6.21480226E-04
     400       77.0009    29.7477   1.932E-01   0.2243   0.4000   9.116E-16   2.81999715E-02   6.20789750E-04
     420       80.8647    27.3568   1.932E-01   0.2242   0.4000   8.484E-16   2.81999715E-02   6.20116612E-04
     440       84.7286    29.7393   1.932E-01   0.2242   0.4000   9.300E-16   2.81999715E-02   6.19459421E-04
     460       88.5924    27.7354   1.932E-01   0.2242   0.4000   9.567E-16   2.81999714E-02   6.18816933E-04
     480       92.3183    27.0134   1.932E-01   0.2240   0.4000   9.459E-16   2.81999714E-02   6.18210261E-04
    ITER          TIME      CPUDT          DT      CFL     DNUM         DIV              MOM              TKE
       0             0     0.0002   1.932E-01   0.3106   0.4000   5.406E-02   4.99981773E-02   1.50148779E-03
      20       3.86384    10.5921   1.932E-01   0.2268   0.4000   9.545E-16   2.82000084E-02   6.42499931E-04
      40       7.72767    10.2675   1.932E-01   0.2265   0.4000   9.836E-16   2.82000083E-02   6.39805465E-04
      60       11.5915    10.7033   1.932E-01   0.2261   0.4000   8.751E-16   2.82000082E-02   6.37760729E-04
      80       15.4553    14.0624   1.932E-01   0.2259   0.4000   8.795E-16   2.82000081E-02   6.36050728E-04
     100       19.3192    11.9248   1.932E-01   0.2257   0.4000   9.186E-16   2.82000081E-02   6.34554075E-04
     120        23.183    12.3607   1.932E-01   0.2255   0.4000   9.262E-16   2.82000081E-02   6.33208634E-04
     140       27.0469    13.8926   1.932E-01   0.2254   0.4000   8.969E-16   2.82000080E-02   6.31977513E-04
     160       30.7728    11.9450   1.932E-01   0.2253   0.4000   9.227E-16   2.82000080E-02   6.30876051E-04
     180       34.6366    12.1022   1.932E-01   0.2252   0.4000   9.244E-16   2.82000080E-02   6.29806400E-04
     200       38.5004    12.1433   1.932E-01   0.2251   0.4000   9.299E-16   2.82000080E-02   6.28798531E-04
     220       42.3643    12.5143   1.932E-01   0.2249   0.4000   9.606E-16   2.82000080E-02   6.27843154E-04
     240       46.2281    12.2195   1.932E-01   0.2249   0.4000   9.274E-16   2.82000079E-02   6.26933046E-04
     260        50.092    12.0800   1.932E-01   0.2248   0.4000   9.418E-16   2.82000079E-02   6.26062456E-04
     280       53.9558    12.2138   1.932E-01   0.2247   0.4000   8.722E-16   2.82000079E-02   6.25226713E-04
     300       57.8196    12.1598   1.932E-01   0.2246   0.4000   9.511E-16   2.82000079E-02   6.24421960E-04
     320       61.5455    13.1019   1.932E-01   0.2246   0.4000   9.086E-16   2.82000079E-02   6.23672256E-04
     340       65.4094    12.1341   1.932E-01   0.2245   0.4000   9.249E-16   2.82000079E-02   6.22919427E-04
     360       69.2732    12.2518   1.932E-01   0.2244   0.4000   9.307E-16   2.82000079E-02   6.22189342E-04
     380        73.137    12.1212   1.932E-01   0.2244   0.4000   9.220E-16   2.82000079E-02   6.21479954E-04
     400       77.0009    12.1565   1.932E-01   0.2243   0.4000   9.488E-16   2.82000079E-02   6.20789477E-04
     420       80.8647    12.2383   1.932E-01   0.2242   0.4000   8.828E-16   2.82000079E-02   6.20116339E-04
     440       84.7286    12.1896   1.932E-01   0.2242   0.4000   9.130E-16   2.82000079E-02   6.19459146E-04
     460       88.5924    12.2031   1.932E-01   0.2242   0.4000   9.028E-16   2.82000079E-02   6.18816656E-04
     480       92.3183    12.1305   1.932E-01   0.2240   0.4000   9.062E-16   2.82000079E-02   6.18209983E-04
     500       96.1821    12.1318   1.932E-01   0.2241   0.4000   9.392E-16   2.82000079E-02   6.17593234E-04
     520       100.046    12.3002   1.932E-01   0.2240   0.4000   9.866E-16   2.82000079E-02   6.16988188E-04
     540        103.91    12.2810   1.932E-01   0.2239   0.4000   9.475E-16   2.82000079E-02   6.16394017E-04
     560       107.774    12.4398   1.932E-01   0.2239   0.4000   9.044E-16   2.82000079E-02   6.15809958E-04
     580       111.637    12.3900   1.932E-01   0.2239   0.4000   9.130E-16   2.82000079E-02   6.15235315E-04
     600       115.501    12.4723   1.932E-01   0.2238   0.4000   9.281E-16   2.82000079E-02   6.14669445E-04
     620       119.365    12.9607   1.932E-01   0.2237   0.4000   8.631E-16   2.82000079E-02   6.14111756E-04
     640       123.091    13.3910   1.932E-01   0.2237   0.4000   8.810E-16   2.82000079E-02   6.13581208E-04
     660       126.955    12.3289   1.932E-01   0.2237   0.4000   9.062E-16   2.82000079E-02   6.13038024E-04
     680       130.819    12.5433   1.932E-01   0.2236   0.4000   9.359E-16   2.82000079E-02   6.12501499E-04
     700       134.683    12.5099   1.932E-01   0.2236   0.4000   9.689E-16   2.82000080E-02   6.11971187E-04
     720       138.546    12.4917   1.932E-01   0.2236   0.4000   8.886E-16   2.82000080E-02   6.11446670E-04
     740        142.41    12.4472   1.932E-01   0.2235   0.4000   9.126E-16   2.82000080E-02   6.10927555E-04
     760       146.274    12.5364   1.932E-01   0.2234   0.4000   9.433E-16   2.82000080E-02   6.10413472E-04
     780           150    12.6134   1.932E-01   0.2234   0.4000   6.544E-16   2.82000080E-02   6.09922181E-04
     800       153.864    12.5870   1.932E-01   0.2234   0.4000   8.938E-16   2.82000080E-02   6.09416987E-04
     820       157.728    12.4719   1.932E-01   0.2233   0.4000   8.875E-16   2.82000080E-02   6.08915848E-04
     840       161.592    12.4437   1.932E-01   0.2232   0.4000   8.843E-16   2.82000080E-02   6.08418467E-04
     860       165.455    12.4867   1.932E-01   0.2232   0.4000   8.999E-16   2.82000080E-02   6.07924563E-04
     880       169.319    12.4169   1.932E-01   0.2232   0.4000   8.765E-16   2.82000080E-02   6.07433869E-04
     900       173.183    12.5044   1.932E-01   0.2231   0.4000   8.990E-16   2.82000080E-02   6.06946130E-04
     920       177.047    12.6134   1.932E-01   0.2230   0.4000   9.671E-16   2.82000080E-02   6.06461104E-04
     940       180.773    13.5347   1.932E-01   0.2230   0.4000   8.916E-16   2.82000080E-02   6.05995744E-04
     960       184.637    12.6397   1.932E-01   0.2230   0.4000   9.185E-16   2.82000080E-02   6.05515382E-04
     980         188.5    13.2086   1.932E-01   0.2229   0.4000   8.960E-16   2.82000080E-02   6.05037075E-04
    1000       192.364    12.9260   1.932E-01   0.2228   0.4000   9.090E-16   2.82000081E-02   6.04560621E-04
    1020       196.228    12.5349   1.932E-01   0.2228   0.4000   9.078E-16   2.82000081E-02   6.04085823E-04
    1040       200.092    12.7109   1.932E-01   0.2228   0.4000   8.666E-16   2.82000081E-02   6.03612496E-04
    1060       203.956    12.6871   1.932E-01   0.2227   0.4000   9.151E-16   2.82000081E-02   6.03140459E-04
    1080        207.82    13.1638   1.932E-01   0.2226   0.4000   8.560E-16   2.82000081E-02   6.02669542E-04
    1100       211.546    13.5675   1.932E-01   0.2226   0.4000   9.177E-16   2.82000081E-02   6.02216339E-04
    1120       215.409    12.7294   1.932E-01   0.2225   0.4000   9.354E-16   2.82000081E-02   6.01747142E-04
    1140       219.273    12.8194   1.932E-01   0.2224   0.4000   8.537E-16   2.82000081E-02   6.01278590E-04
    1160       223.137    12.7351   1.932E-01   0.2224   0.4000   9.671E-16   2.82000081E-02   6.00810536E-04
    1180       227.001    12.6893   1.932E-01   0.2223   0.4000   9.094E-16   2.82000081E-02   6.00342836E-04
    1200       230.865    12.6521   1.932E-01   0.2222   0.4000   9.116E-16   2.82000081E-02   5.99875355E-04
    1220       234.729    12.5757   1.932E-01   0.2222   0.4000   9.337E-16   2.82000081E-02   5.99407959E-04
    1240       238.592    12.6449   1.932E-01   0.2221   0.4000   8.799E-16   2.82000081E-02   5.98940520E-04
    1260       242.318    13.6235   1.932E-01   0.2220   0.4000   8.896E-16   2.82000082E-02   5.98489613E-04
    1280       246.182    12.5564   1.932E-01   0.2220   0.4000   9.398E-16   2.82000082E-02   5.98021738E-04
    1300       250.046    12.5746   1.932E-01   0.2219   0.4000   8.642E-16   2.82000082E-02   5.97553468E-04
    1320        253.91    12.7329   1.932E-01   0.2218   0.4000   8.626E-16   2.82000082E-02   5.97084695E-04
    1340       257.774    12.6031   1.932E-01   0.2217   0.4000   8.921E-16   2.82000082E-02   5.96615310E-04
    1360       261.637    12.6489   1.932E-01   0.2216   0.4000   9.875E-16   2.82000082E-02   5.96145212E-04
    1380       265.501    12.6068   1.932E-01   0.2215   0.4000   1.003E-15   2.82000082E-02   5.95674301E-04
    1400       269.365    12.7204   1.932E-01   0.2214   0.4000   9.073E-16   2.82000082E-02   5.95202483E-04
    1420       273.091    13.0919   1.932E-01   0.2213   0.4000   9.354E-16   2.82000082E-02   5.94746561E-04
    1440       276.955    12.5562   1.932E-01   0.2212   0.4000   1.011E-15   2.82000082E-02   5.94272696E-04
    1460       280.819    14.5384   1.932E-01   0.2212   0.4000   9.198E-16   2.82000082E-02   5.93797660E-04
    1480       284.683    16.5665   1.932E-01   0.2211   0.4000   8.204E-16   2.82000082E-02   5.93321373E-04
    1500       288.546    12.7062   1.932E-01   0.2210   0.4000   8.303E-16   2.82000082E-02   5.92843755E-04
    1520        292.41    12.8777   1.932E-01   0.2209   0.4000   7.780E-16   2.82000082E-02   5.92364730E-04
    1540       296.274    14.7602   1.932E-01   0.2208   0.4000   7.242E-16   2.82000082E-02   5.91884226E-04
    1560           300    13.0419   1.932E-01   0.2207   0.4000   6.869E-16   2.82000082E-02   5.91419408E-04
    1580       303.864    13.7983   1.932E-01   0.2206   0.4000   7.350E-16   2.82000082E-02   5.90935798E-04
    1600       307.728    12.6889   1.932E-01   0.2205   0.4000   7.282E-16   2.82000083E-02   5.90450510E-04
    1620       311.592    13.2500   1.932E-01   0.2203   0.4000   7.275E-16   2.82000083E-02   5.89963483E-04
    1640       315.455    14.0397   1.932E-01   0.2202   0.4000   7.511E-16   2.82000083E-02   5.89474658E-04
    1660       319.319    12.8936   1.932E-01   0.2202   0.4000   7.806E-16   2.82000083E-02   5.88983980E-04
    1680       323.183    12.6576   1.932E-01   0.2200   0.4000   7.628E-16   2.82000083E-02   5.88491395E-04
    1700       327.047    12.6397   1.932E-01   0.2199   0.4000   7.437E-16   2.82000083E-02   5.87996851E-04
    1720       330.773    12.7101   1.932E-01   0.2198   0.4000   7.354E-16   2.82000083E-02   5.87518063E-04
    1740       334.637    12.7363   1.932E-01   0.2197   0.4000   7.260E-16   2.82000083E-02   5.87019536E-04
    1760         338.5    12.8626   1.932E-01   0.2195   0.4000   7.498E-16   2.82000083E-02   5.86518916E-04
    1780       342.364    12.8491   1.932E-01   0.2194   0.4000   7.778E-16   2.82000083E-02   5.86016162E-04
    1800       346.228    12.6182   1.932E-01   0.2193   0.4000   7.553E-16   2.82000083E-02   5.85511236E-04
    1820       350.092    12.7565   1.932E-01   0.2191   0.4000   7.607E-16   2.82000083E-02   5.85004100E-04
    1840       353.956    12.8171   1.932E-01   0.2190   0.4000   7.615E-16   2.82000083E-02   5.84494723E-04
    1860        357.82    13.0311   1.932E-01   0.2189   0.4000   7.905E-16   2.82000083E-02   5.83983071E-04
    1880       361.546    13.5969   1.932E-01   0.2188   0.4000   7.279E-16   2.82000083E-02   5.83487503E-04
    1900       365.409    12.7034   1.932E-01   0.2186   0.4000   7.047E-16   2.82000083E-02   5.82971303E-04
    1920       369.273    12.5956   1.932E-01   0.2185   0.4000   7.438E-16   2.82000083E-02   5.82452748E-04
    1940       373.137    12.6374   1.932E-01   0.2183   0.4000   7.506E-16   2.82000083E-02   5.81931817E-04
    1960       377.001    12.6924   1.932E-01   0.2181   0.4000   7.503E-16   2.82000083E-02   5.81408489E-04
    1980       380.865    12.7219   1.932E-01   0.2180   0.4000   7.026E-16   2.82000083E-02   5.80882747E-04
    2000       384.729    12.6233   1.932E-01   0.2179   0.4000   7.377E-16   2.82000083E-02   5.80354572E-04
    2020       388.592    12.7290   1.932E-01   0.2177   0.4000   7.159E-16   2.82000083E-02   5.79823952E-04
    2040       392.318    12.5991   1.932E-01   0.2176   0.4000   7.425E-16   2.82000083E-02   5.79309946E-04
    2060       396.182    12.6344   1.932E-01   0.2174   0.4000   7.919E-16   2.82000083E-02   5.78774489E-04
    2080       400.046    12.6524   1.932E-01   0.2173   0.4000   7.542E-16   2.82000083E-02   5.78236556E-04
    2100        403.91    12.6789   1.932E-01   0.2171   0.4000   7.334E-16   2.82000083E-02   5.77696141E-04
    2120       407.774    12.7508   1.932E-01   0.2170   0.4000   7.427E-16   2.82000083E-02   5.77153241E-04
    2140       411.637    12.7223   1.932E-01   0.2168   0.4000   7.403E-16   2.82000083E-02   5.76607851E-04
    2160       415.501    12.6396   1.932E-01   0.2167   0.4000   7.197E-16   2.82000083E-02   5.76059973E-04
    2180       419.365    12.7131   1.932E-01   0.2165   0.4000   7.260E-16   2.82000083E-02   5.75509607E-04
    2200       423.091    13.6690   1.932E-01   0.2164   0.4000   7.428E-16   2.82000083E-02   5.74976534E-04
    2220       426.955    12.6188   1.932E-01   0.2163   0.4000   7.360E-16   2.82000083E-02   5.74421292E-04
    2240       430.819    12.6636   1.932E-01   0.2162   0.4000   7.282E-16   2.82000083E-02   5.73863577E-04
    2260       434.683    12.7009   1.932E-01   0.2161   0.4000   7.317E-16   2.82000083E-02   5.73303397E-04
    2280       438.546    12.6530   1.932E-01   0.2160   0.4000   7.626E-16   2.82000083E-02   5.72740761E-04
    2300        442.41    12.8458   1.932E-01   0.2159   0.4000   7.620E-16   2.82000083E-02   5.72175682E-04
    2320       446.274    12.6873   1.932E-01   0.2158   0.4000   7.394E-16   2.82000083E-02   5.71608171E-04
    2340           450    12.9326   1.932E-01   0.2159   0.4000   6.659E-16   2.82000083E-02   5.71058629E-04
    2360       453.864    13.0533   1.932E-01   0.2160   0.4000   7.318E-16   2.82000083E-02   5.70486385E-04
    2380       457.728    12.8361   1.932E-01   0.2160   0.4000   7.104E-16   2.82000083E-02   5.69911755E-04
    2400       461.592    14.6933   1.932E-01   0.2161   0.4000   7.357E-16   2.82000083E-02   5.69334756E-04
    2420       465.455    12.9817   1.932E-01   0.2163   0.4000   7.296E-16   2.82000083E-02   5.68755405E-04
    2440       469.319    13.1524   1.932E-01   0.2164   0.4000   7.549E-16   2.82000083E-02   5.68173721E-04
    2460       473.183    12.9865   1.932E-01   0.2167   0.4000   7.231E-16   2.82000083E-02   5.67589721E-04
    2480       477.047    12.9578   1.932E-01   0.2174   0.4000   7.553E-16   2.82000083E-02   5.67003422E-04
    2500       480.773    13.8885   1.932E-01   0.2181   0.4000   7.641E-16   2.82000083E-02   5.66435888E-04
    2520       484.637    12.9901   1.932E-01   0.2189   0.4000   7.802E-16   2.82000083E-02   5.65845113E-04
    2540         488.5    12.8380   1.932E-01   0.2198   0.4000   7.402E-16   2.82000083E-02   5.65252074E-04
    2560       492.364    12.9021   1.932E-01   0.2210   0.4000   7.303E-16   2.82000083E-02   5.64656774E-04
    2580       496.228    13.0136   1.932E-01   0.2224   0.4000   7.115E-16   2.82000083E-02   5.64059208E-04
    2600       500.092    13.1541   1.932E-01   0.2238   0.4000   8.075E-16   2.82000084E-02   5.63459359E-04
    2620       503.956    12.9769   1.932E-01   0.2255   0.4000   7.813E-16   2.82000084E-02   5.62857197E-04
    2640        507.82    12.8951   1.932E-01   0.2276   0.4000   7.910E-16   2.82000084E-02   5.62252671E-04
    2660       511.546    13.0206   1.932E-01   0.2298   0.4000   7.386E-16   2.82000085E-02   5.61667413E-04
    2680       515.409    12.9828   1.932E-01   0.2323   0.4000   7.599E-16   2.82000085E-02   5.61057982E-04
    2700       519.273    12.8459   1.932E-01   0.2353   0.4000   7.034E-16   2.82000086E-02   5.60445842E-04
    2720       523.137    12.9587   1.932E-01   0.2388   0.4000   7.379E-16   2.82000086E-02   5.59830770E-04
    2740       527.001    12.8598   1.932E-01   0.2427   0.4000   7.746E-16   2.82000087E-02   5.59212464E-04
    2760       530.865    12.8772   1.932E-01   0.2469   0.4000   9.439E-16   2.82000088E-02   5.58590515E-04
    2780       534.729    12.8703   1.932E-01   0.2518   0.4000   1.072E-15   2.82000089E-02   5.57964372E-04
    2800       538.592    12.7643   1.932E-01   0.2572   0.4000   1.112E-15   2.82000090E-02   5.57333305E-04
    2820       542.318    13.6362   1.932E-01   0.2628   0.4000   1.457E-15   2.82000091E-02   5.56719206E-04
    2840       546.182    12.7466   1.932E-01   0.2697   0.4000   1.320E-15   2.82000091E-02   5.56075397E-04
    2860       550.046    12.7182   1.932E-01   0.2800   0.4000   1.707E-15   2.82000092E-02   5.55422899E-04
    2880        553.91    13.1324   1.932E-01   0.2920   0.4000   2.059E-15   2.82000091E-02   5.54759668E-04
    2900       557.774    12.8127   1.932E-01   0.3042   0.4000   2.510E-15   2.82000090E-02   5.54083133E-04
    2920       561.637    12.7511   1.932E-01   0.3178   0.4000   2.035E-15   2.82000088E-02   5.53390099E-04
    2940       565.501    12.7844   1.932E-01   0.3326   0.4000   2.318E-15   2.82000084E-02   5.52676648E-04
    2960       569.365    12.7152   1.932E-01   0.3494   0.4000   3.223E-15   2.82000078E-02   5.51938035E-04
    2980       573.091    12.7776   1.932E-01   0.3724   0.4000   3.138E-15   2.82000071E-02   5.51196634E-04
    3000       576.955    12.7102   1.932E-01   0.4000   0.4000   3.619E-15   2.82000059E-02   5.50390968E-04
    3020       580.819    12.7897   1.932E-01   0.4267   0.4000   3.882E-15   2.82000044E-02   5.49539847E-04
    3040       584.683    12.6839   1.932E-01   0.4582   0.4000   4.852E-15   2.82000025E-02   5.48633654E-04
    3060       588.546    12.9990   1.932E-01   0.5245   0.4000   5.985E-15   2.82000000E-02   5.47660841E-04
    3080        592.41    14.4646   1.932E-01   0.5929   0.4000   7.730E-15   2.81999968E-02   5.46607554E-04
    3100       596.274    14.1883   1.932E-01   0.6474   0.4000   9.492E-15   2.81999926E-02   5.45457582E-04
    3120           600    14.4126   1.932E-01   0.6895   0.4000   3.109E-15   2.81999867E-02   5.44240367E-04
    3140       603.864    15.6290   1.932E-01   0.7232   0.4000   1.247E-14   2.81999783E-02   5.42848103E-04
    3160       607.728    14.4923   1.932E-01   0.7327   0.4000   1.288E-14   2.81999678E-02   5.41307587E-04
    3180       611.592    13.8846   1.932E-01   0.7686   0.4000   1.360E-14   2.81999543E-02   5.39608097E-04
    3200       615.455    13.7651   1.932E-01   0.8143   0.4000   1.431E-14   2.81999353E-02   5.37746588E-04
    3220       619.319    14.9423   1.932E-01   0.8490   0.4000   1.366E-14   2.81999077E-02   5.35725347E-04
    3240       623.183    14.7501   1.932E-01   0.9414   0.4000   1.242E-14   2.81998726E-02   5.33546324E-04
    3260       626.871    14.0776   1.915E-01   1.0000   0.3964   1.260E-14   2.81998417E-02   5.31321833E-04
    3280       630.571    15.0616   1.932E-01   0.9838   0.4000   1.093E-14   2.81998058E-02   5.28952377E-04
    3300       634.227    14.8364   1.649E-01   1.0000   0.3414   9.659E-15   2.81997647E-02   5.26482858E-04
    3320       637.203    13.7130   1.285E-01   1.0000   0.2660   6.624E-15   2.81997395E-02   5.24381223E-04
    3340       639.685    14.8145   1.305E-01   1.0000   0.2702   6.946E-15   2.81997246E-02   5.22563542E-04
    3360       642.539    14.1007   1.633E-01   1.0000   0.3381   7.605E-15   2.81997115E-02   5.20398151E-04
    3380       645.352    13.2141   1.543E-01   1.0000   0.3195   5.745E-15   2.81997050E-02   5.18192655E-04
    3400       648.166    13.2798   1.260E-01   1.0000   0.2610   5.357E-15   2.81997013E-02   5.15923324E-04
    3420       650.596    13.2683   1.174E-01   1.0000   0.2431   4.441E-15   2.81996980E-02   5.13922116E-04
    3440       653.193    13.2209   1.305E-01   1.0000   0.2702   5.551E-15   2.81996911E-02   5.11747940E-04
    3460        655.93    13.2213   1.461E-01   1.0000   0.3026   7.438E-15   2.81996766E-02   5.09425865E-04
    3480       659.126    13.4626   1.551E-01   1.0000   0.3212   6.592E-15   2.81996425E-02   5.06684963E-04
    3500       662.155    15.2318   1.759E-01   1.0000   0.3642   5.884E-15   2.81995986E-02   5.04073303E-04
    3520       665.472    13.9242   1.640E-01   1.0000   0.3396   6.051E-15   2.81995440E-02   5.01206817E-04
    3540       668.517    13.4837   1.449E-01   1.0000   0.3000   5.371E-15   2.81994731E-02   4.98583852E-04
    3560       671.188    13.9407   1.294E-01   1.0000   0.2679   4.996E-15   2.81994022E-02   4.96296740E-04
    3580       674.012    13.3791   1.494E-01   1.0000   0.3093   4.524E-15   2.81993385E-02   4.93896482E-04
    3600       677.094    13.7452   1.599E-01   1.0000   0.3311   3.941E-15   2.81992931E-02   4.91307483E-04
    3620       680.229    14.7762   1.615E-01   1.0000   0.3344   4.746E-15   2.81992655E-02   4.88715186E-04
    3640       683.527    14.1221   1.591E-01   1.0000   0.3294   4.718E-15   2.81992491E-02   4.86038447E-04
    3660       687.013    13.6307   1.740E-01   1.0000   0.3604   4.302E-15   2.81992328E-02   4.83272430E-04
    3680       690.773    13.9349   1.932E-01   0.9270   0.4000   5.732E-15   2.81992139E-02   4.80364879E-04
    3700       694.348    13.2966   1.834E-01   1.0000   0.3798   4.635E-15   2.81991943E-02   4.77679474E-04
    3720       697.621    13.7702   1.510E-01   1.0000   0.3126   3.775E-15   2.81991779E-02   4.75290445E-04
    3740       700.814    13.2077   1.721E-01   1.0000   0.3563   3.275E-15   2.81991631E-02   4.73023426E-04
    3760       704.534    13.4237   1.932E-01   0.9619   0.4000   3.955E-15   2.81991484E-02   4.70458181E-04
    3780       708.398    13.4818   1.932E-01   0.8756   0.4000   3.914E-15   2.81991382E-02   4.67882212E-04
    3800       712.256    13.1040   1.932E-01   0.8630   0.4000   3.733E-15   2.81991304E-02   4.65402778E-04
    3820        716.12    13.4914   1.932E-01   0.7370   0.4000   3.476E-15   2.81991226E-02   4.63014394E-04
    3840       719.984    13.2164   1.637E-02   0.0632   0.0339   3.386E-15   2.81991096E-02   4.60722320E-04
    3860       723.671    14.3732   1.932E-01   0.7552   0.4000   3.039E-15   2.81990893E-02   4.58624283E-04
    3880       727.534    13.0732   1.932E-01   0.7533   0.4000   3.331E-15   2.81990611E-02   4.56517171E-04
    3900       731.398    13.0390   1.932E-01   0.7770   0.4000   2.720E-15   2.81990246E-02   4.54502248E-04
    3920       735.262    12.9808   1.932E-01   0.7658   0.4000   3.025E-15   2.81989807E-02   4.52578209E-04
    3940       739.126    13.2085   1.932E-01   0.8115   0.4000   2.470E-15   2.81989291E-02   4.50743448E-04
    3960        742.99    13.5150   1.932E-01   0.7163   0.4000   3.220E-15   2.81988694E-02   4.48996295E-04
    3980       746.854    13.1922   1.932E-01   0.7291   0.4000   3.886E-15   2.81988019E-02   4.47334620E-04
    4000        750.58    12.9126   1.932E-01   0.6854   0.4000   3.220E-15   2.81987305E-02   4.45810970E-04
    4020       754.443    12.8977   1.932E-01   0.6520   0.4000   2.554E-15   2.81986469E-02   4.44309805E-04
    4040       758.307    13.3363   1.932E-01   0.6973   0.4000   2.401E-15   2.81985530E-02   4.42885931E-04
    4060       762.171    13.2078   1.932E-01   0.6801   0.4000   2.165E-15   2.81984547E-02   4.41535659E-04
    4080       766.035    13.9810   1.932E-01   0.6103   0.4000   2.304E-15   2.81983571E-02   4.40255605E-04
    4100       769.899    13.9383   1.932E-01   0.7019   0.4000   2.248E-15   2.81982616E-02   4.39042739E-04
    4120       773.763    13.1844   1.932E-01   0.6560   0.4000   1.943E-15   2.81981689E-02   4.37894571E-04
    4140       777.626    13.3576   1.932E-01   0.6327   0.4000   1.856E-15   2.81980789E-02   4.36808762E-04
    4160       781.352    14.2049   1.932E-01   0.7011   0.4000   2.172E-15   2.81979940E-02   4.35818274E-04
    4180       785.216    12.9390   1.932E-01   0.6159   0.4000   1.887E-15   2.81979062E-02   4.34846950E-04
    4200        789.08    13.0600   1.932E-01   0.5405   0.4000   2.012E-15   2.81978169E-02   4.33929649E-04
    4220       792.944    13.0757   1.932E-01   0.5661   0.4000   1.797E-15   2.81977266E-02   4.33063347E-04
    4240       796.808    13.0693   1.932E-01   0.5188   0.4000   1.703E-15   2.81976361E-02   4.32244977E-04
    4260       800.672    12.9960   1.932E-01   0.5243   0.4000   1.839E-15   2.81975460E-02   4.31471583E-04
    4280       804.535    13.3407   1.932E-01   0.5370   0.4000   1.816E-15   2.81974586E-02   4.30740333E-04
    4300       808.399    13.4011   1.932E-01   0.5534   0.4000   1.663E-15   2.81973776E-02   4.30048597E-04
    4320       812.125    13.9565   1.932E-01   0.5133   0.4000   1.902E-15   2.81973088E-02   4.29416893E-04
    4340       815.989    14.2092   1.932E-01   0.4910   0.4000   1.700E-15   2.81972491E-02   4.28796423E-04
    4360       819.853    13.0776   1.932E-01   0.5044   0.4000   1.874E-15   2.81972014E-02   4.28209214E-04
    4380       823.717    13.7733   1.932E-01   0.5395   0.4000   1.685E-15   2.81971647E-02   4.27653376E-04
    4400        827.58    13.0587   1.932E-01   0.5590   0.4000   1.688E-15   2.81971377E-02   4.27127244E-04
    4420       831.444    12.9856   1.932E-01   0.5128   0.4000   1.504E-15   2.81971188E-02   4.26629321E-04
    4440       835.308    13.0634   1.932E-01   0.5200   0.4000   1.828E-15   2.81971068E-02   4.26158155E-04
    4460       839.172    12.9772   1.932E-01   0.4875   0.4000   1.579E-15   2.81971010E-02   4.25712310E-04
    4480       842.898    14.1912   1.932E-01   0.4865   0.4000   1.669E-15   2.81971017E-02   4.25305099E-04
    4500       846.762    13.3425   1.932E-01   0.4653   0.4000   1.508E-15   2.81971089E-02   4.24905174E-04
    4520       850.626    13.1272   1.932E-01   0.4636   0.4000   1.604E-15   2.81971220E-02   4.24526918E-04
    4540       854.489    13.1274   1.932E-01   0.4801   0.4000   1.493E-15   2.81971403E-02   4.24169138E-04
    4560       858.353    13.0322   1.932E-01   0.4958   0.4000   1.544E-15   2.81971640E-02   4.23830618E-04
    4580       862.217    12.9804   1.932E-01   0.5710   0.4000   1.504E-15   2.81971938E-02   4.23510267E-04
    4600       866.081    13.0868   1.932E-01   0.5851   0.4000   1.478E-15   2.81972307E-02   4.23207111E-04
    4620       869.945    13.4413   5.527E-02   0.1666   0.1144   1.687E-15   2.81972761E-02   4.22920200E-04
    4640       873.671    13.2321   1.932E-01   0.6170   0.4000   1.450E-15   2.81973288E-02   4.22658078E-04
    4660       877.534    13.1232   1.932E-01   0.6251   0.4000   1.434E-15   2.81973932E-02   4.22400507E-04
    4680       881.398    13.0152   1.932E-01   0.5492   0.4000   1.651E-15   2.81974676E-02   4.22156747E-04
    4700       885.262    13.0797   1.932E-01   0.4753   0.4000   1.462E-15   2.81975517E-02   4.21926148E-04
    4720       889.126    13.0277   1.932E-01   0.4329   0.4000   1.679E-15   2.81976444E-02   4.21708091E-04
    4740        892.99    13.0008   1.932E-01   0.4234   0.4000   1.513E-15   2.81977444E-02   4.21501976E-04
    4760       896.854    13.1928   1.932E-01   0.3974   0.4000   1.485E-15   2.81978503E-02   4.21307187E-04
    4780        900.58    14.2423   1.932E-01   0.4092   0.4000   1.424E-15   2.81979563E-02   4.21129519E-04
    4800       904.443    13.0338   1.932E-01   0.4198   0.4000   1.355E-15   2.81980694E-02   4.20955260E-04
    4820       908.307    13.0256   1.932E-01   0.4293   0.4000   1.499E-15   2.81981850E-02   4.20790668E-04
    4840       912.171    13.1011   1.932E-01   0.4129   0.4000   1.460E-15   2.81983028E-02   4.20635244E-04
    4860       916.035    13.1468   1.932E-01   0.3905   0.4000   1.347E-15   2.81984223E-02   4.20488486E-04
    4880       919.899    13.0581   1.932E-01   0.3876   0.4000   1.428E-15   2.81985432E-02   4.20349896E-04
    4900       923.763    13.0864   1.932E-01   0.3599   0.4000   1.395E-15   2.81986649E-02   4.20218990E-04
    4920       927.626    13.0158   1.932E-01   0.3674   0.4000   1.440E-15   2.81987871E-02   4.20095318E-04
    4940       931.352    13.1903   1.932E-01   0.3738   0.4000   1.406E-15   2.81989052E-02   4.19982531E-04
    4960       935.216    13.1080   1.932E-01   0.3710   0.4000   1.331E-15   2.81990280E-02   4.19871892E-04
    4980        939.08    13.0327   1.932E-01   0.3609   0.4000   1.346E-15   2.81991516E-02   4.19767334E-04
    5000       942.944    13.2140   1.932E-01   0.3443   0.4000   1.335E-15   2.81992768E-02   4.19668507E-04
    5020       946.808    13.1683   1.932E-01   0.3394   0.4000   1.320E-15   2.81994040E-02   4.19575079E-04
    5040       950.672    13.1528   1.932E-01   0.3368   0.4000   1.370E-15   2.81995339E-02   4.19486760E-04
    5060       954.535    13.0723   1.932E-01   0.3436   0.4000   1.353E-15   2.81996667E-02   4.19403300E-04
    5080       958.399    13.2697   1.932E-01   0.3420   0.4000   1.360E-15   2.81998025E-02   4.19324487E-04
    5100       962.125    13.9800   1.932E-01   0.3506   0.4000   1.292E-15   2.81999359E-02   4.19252719E-04
    5120       965.989    13.3169   1.932E-01   0.3530   0.4000   1.435E-15   2.82000761E-02   4.19182504E-04
    5140       969.853    13.2437   1.932E-01   0.3431   0.4000   1.288E-15   2.82002177E-02   4.19116411E-04
    5160       973.717    13.4874   1.932E-01   0.3465   0.4000   1.265E-15   2.82003599E-02   4.19054260E-04
    5180        977.58    13.2518   1.932E-01   0.3544   0.4000   1.293E-15   2.82005021E-02   4.18995856E-04
    5200       981.444    13.0219   1.932E-01   0.3627   0.4000   1.402E-15   2.82006438E-02   4.18940991E-04
    5220       985.308    13.0619   1.932E-01   0.3663   0.4000   1.322E-15   2.82007845E-02   4.18889456E-04
    5240       989.172    13.2726   1.932E-01   0.3611   0.4000   1.287E-15   2.82009239E-02   4.18841052E-04
    5260       992.898    13.1148   1.932E-01   0.3583   0.4000   1.260E-15   2.82010567E-02   4.18797181E-04
    5280       996.762    12.9617   1.932E-01   0.3521   0.4000   1.283E-15   2.82011926E-02   4.18754440E-04
    5300       1000.63    13.1738   1.932E-01   0.3401   0.4000   1.272E-15   2.82013264E-02   4.18714379E-04
    5320       1004.49    14.0047   1.932E-01   0.3273   0.4000   1.220E-15   2.82014578E-02   4.18676886E-04
    5340       1008.35    13.7376   1.932E-01   0.3145   0.4000   1.305E-15   2.82015867E-02   4.18641856E-04
    5360       1012.22    12.9493   1.932E-01   0.3028   0.4000   1.283E-15   2.82017128E-02   4.18609198E-04
    5380       1016.08    13.0100   1.932E-01   0.2911   0.4000   1.213E-15   2.82018360E-02   4.18578833E-04
    5400       1019.94    12.9724   5.527E-02   0.0811   0.1144   1.205E-15   2.82019565E-02   4.18550695E-04
    5420       1023.67    13.9944   1.932E-01   0.2777   0.4000   1.272E-15   2.82020701E-02   4.18525616E-04
    5440       1027.53    13.2258   1.932E-01   0.2790   0.4000   1.249E-15   2.82021855E-02   4.18501679E-04
    5460        1031.4    13.0805   1.932E-01   0.2799   0.4000   1.303E-15   2.82022987E-02   4.18479799E-04
    5480       1035.26    13.2868   1.932E-01   0.2864   0.4000   1.218E-15   2.82024099E-02   4.18459922E-04
    5500       1039.13    13.3021   1.932E-01   0.2872   0.4000   1.332E-15   2.82025190E-02   4.18442000E-04
    5520       1042.99    13.9195   1.932E-01   0.2898   0.4000   1.338E-15   2.82026261E-02   4.18425989E-04
    5540       1046.85    13.6378   1.932E-01   0.2990   0.4000   1.288E-15   2.82027310E-02   4.18411847E-04
    5560       1050.58    13.5692   1.932E-01   0.3107   0.4000   1.235E-15   2.82028302E-02   4.18399930E-04
    5580       1054.44    13.2585   1.932E-01   0.3131   0.4000   1.235E-15   2.82029308E-02   4.18389286E-04
    5600       1058.31    12.9824   1.932E-01   0.3430   0.4000   1.249E-15   2.82030291E-02   4.18380306E-04
    5620       1062.17    12.9646   1.932E-01   0.3372   0.4000   1.239E-15   2.82031254E-02   4.18372898E-04
    5640       1066.03    12.9761   1.932E-01   0.3448   0.4000   1.201E-15   2.82032196E-02   4.18366969E-04
    5660        1069.9    13.0725   1.932E-01   0.3505   0.4000   1.178E-15   2.82033122E-02   4.18362424E-04
    5680       1073.76    12.9293   1.932E-01   0.3318   0.4000   1.275E-15   2.82034033E-02   4.18359172E-04
    5700       1077.63    12.9823   1.932E-01   0.3265   0.4000   1.152E-15   2.82034934E-02   4.18357135E-04
    5720       1081.35    13.9142   1.932E-01   0.3302   0.4000   1.188E-15   2.82035795E-02   4.18356262E-04
    5740       1085.22    13.0185   1.932E-01   0.3279   0.4000   1.195E-15   2.82036683E-02   4.18356434E-04
    5760       1089.08    12.9875   1.932E-01   0.3101   0.4000   1.155E-15   2.82037567E-02   4.18357664E-04
    5780       1092.94    12.9199   1.932E-01   0.3044   0.4000   1.179E-15   2.82038450E-02   4.18359916E-04
    5800       1096.81    12.9006   1.932E-01   0.2981   0.4000   1.166E-15   2.82039330E-02   4.18363159E-04
    5820       1100.67    13.0170   1.932E-01   0.2989   0.4000   1.185E-15   2.82040208E-02   4.18367366E-04
    5840       1104.54    13.0669   1.932E-01   0.3036   0.4000   1.226E-15   2.82041083E-02   4.18372507E-04
    5860        1108.4    13.1439   1.932E-01   0.3133   0.4000   1.188E-15   2.82041953E-02   4.18378551E-04
    5880       1112.13    13.0792   1.932E-01   0.3204   0.4000   1.185E-15   2.82042785E-02   4.18385200E-04
    5900       1115.99    12.9243   1.932E-01   0.3210   0.4000   1.207E-15   2.82043642E-02   4.18392904E-04
    5920       1119.85    12.9669   1.932E-01   0.3247   0.4000   1.207E-15   2.82044491E-02   4.18401388E-04
    5940       1123.72    13.0341   1.932E-01   0.3214   0.4000   1.200E-15   2.82045335E-02   4.18410605E-04
    5960       1127.58    12.9144   1.932E-01   0.3162   0.4000   1.231E-15   2.82046174E-02   4.18420508E-04
    5980       1131.44    12.8609   1.932E-01   0.3162   0.4000   1.162E-15   2.82047009E-02   4.18431053E-04
    6000       1135.31    13.2347   1.932E-01   0.3132   0.4000   1.220E-15   2.82047840E-02   4.18442193E-04
    6020       1139.17    13.2644   1.932E-01   0.3074   0.4000   1.208E-15   2.82048667E-02   4.18453886E-04
    6040        1142.9    14.4823   1.932E-01   0.2975   0.4000   1.235E-15   2.82049460E-02   4.18465652E-04
    6060       1146.76    13.3748   1.932E-01   0.2918   0.4000   1.199E-15   2.82050276E-02   4.18478330E-04
    6080       1150.63    14.0825   1.932E-01   0.2905   0.4000   1.238E-15   2.82051085E-02   4.18491474E-04
    6100       1154.49    13.4300   1.932E-01   0.2906   0.4000   1.201E-15   2.82051885E-02   4.18505069E-04
    6120       1158.35    13.2751   1.932E-01   0.2910   0.4000   1.135E-15   2.82052675E-02   4.18519106E-04
    6140       1162.22    13.2147   1.932E-01   0.2911   0.4000   1.187E-15   2.82053454E-02   4.18533577E-04
    6160       1166.08    13.1527   1.932E-01   0.2905   0.4000   1.185E-15   2.82054221E-02   4.18548483E-04
    6180       1169.94    13.1774   5.527E-02   0.0821   0.1144   1.190E-15   2.82054977E-02   4.18563832E-04
    6200       1173.67    13.2859   1.932E-01   0.2867   0.4000   1.235E-15   2.82055695E-02   4.18579060E-04
    6220       1177.53    13.1918   1.932E-01   0.2815   0.4000   1.233E-15   2.82056430E-02   4.18595302E-04
    6240        1181.4    13.2145   1.932E-01   0.2733   0.4000   1.152E-15   2.82057154E-02   4.18612006E-04
    6260       1185.26    13.4478   1.932E-01   0.2685   0.4000   1.173E-15   2.82057868E-02   4.18629171E-04
    6280       1189.13    13.1353   1.932E-01   0.2751   0.4000   1.204E-15   2.82058572E-02   4.18646782E-04
    6300       1192.99    13.1954   1.932E-01   0.2789   0.4000   1.197E-15   2.82059266E-02   4.18664819E-04
    6320       1196.85    13.3788   1.932E-01   0.2870   0.4000   1.219E-15   2.82059948E-02   4.18683251E-04
    6340       1200.58    14.9239   1.932E-01   0.2912   0.4000   1.143E-15   2.82060594E-02   4.18701373E-04
    6360       1204.44    13.1935   1.932E-01   0.2979   0.4000   1.175E-15   2.82061250E-02   4.18720497E-04
    6380       1208.31    12.9285   1.932E-01   0.2966   0.4000   1.161E-15   2.82061891E-02   4.18739938E-04
    6400       1212.17    12.9880   1.932E-01   0.3023   0.4000   1.168E-15   2.82062515E-02   4.18759676E-04
    6420       1216.03    13.2166   1.932E-01   0.2995   0.4000   1.144E-15   2.82063122E-02   4.18779691E-04
    6440        1219.9    13.0410   1.932E-01   0.3013   0.4000   1.208E-15   2.82063710E-02   4.18799966E-04
    6460       1223.76    12.9171   1.932E-01   0.2974   0.4000   1.153E-15   2.82064279E-02   4.18820483E-04
    6480       1227.63    13.1737   1.932E-01   0.2891   0.4000   1.146E-15   2.82064829E-02   4.18841225E-04
    6500       1231.35    13.3153   1.932E-01   0.2795   0.4000   1.196E-15   2.82065338E-02   4.18861430E-04
    6520       1235.22    13.4668   1.932E-01   0.2805   0.4000   1.162E-15   2.82065846E-02   4.18882584E-04
    6540       1239.08    13.7127   1.932E-01   0.2703   0.4000   1.138E-15   2.82066332E-02   4.18903937E-04
    6560       1242.94    13.3495   1.932E-01   0.2670   0.4000   1.179E-15   2.82066797E-02   4.18925485E-04
    6580       1246.81    13.0311   1.932E-01   0.2687   0.4000   1.140E-15   2.82067241E-02   4.18947229E-04
    6600       1250.67    13.0052   1.932E-01   0.2667   0.4000   1.204E-15   2.82067665E-02   4.18969174E-04
    6620       1254.54    12.9371   1.932E-01   0.2671   0.4000   1.205E-15   2.82068070E-02   4.18991328E-04
    6640        1258.4    12.9022   1.932E-01   0.2663   0.4000   1.155E-15   2.82068456E-02   4.19013703E-04
    6660       1262.13    14.2176   1.932E-01   0.2667   0.4000   1.168E-15   2.82068813E-02   4.19035499E-04
    6680       1265.99    13.8441   1.932E-01   0.2657   0.4000   1.103E-15   2.82069167E-02   4.19058336E-04
    6700       1269.85    13.4988   1.932E-01   0.2648   0.4000   1.110E-15   2.82069505E-02   4.19081415E-04
    6720       1273.72    13.3668   1.932E-01   0.2622   0.4000   1.186E-15   2.82069828E-02   4.19104735E-04
    6740       1277.58    13.0272   1.932E-01   0.2580   0.4000   1.137E-15   2.82070137E-02   4.19128291E-04
    6760       1281.44    13.0679   1.932E-01   0.2626   0.4000   1.126E-15   2.82070431E-02   4.19152078E-04
    6780       1285.31    13.0601   1.932E-01   0.2674   0.4000   1.177E-15   2.82070712E-02   4.19176089E-04
    6800       1289.17    12.9984   1.932E-01   0.2690   0.4000   1.141E-15   2.82070979E-02   4.19200314E-04
    6820        1292.9    12.9241   1.932E-01   0.2719   0.4000   1.146E-15   2.82071224E-02   4.19223865E-04
    6840       1296.76    12.9458   1.932E-01   0.2852   0.4000   1.169E-15   2.82071464E-02   4.19248471E-04
    6860       1300.63    13.0579   1.932E-01   0.2916   0.4000   1.165E-15   2.82071691E-02   4.19273246E-04
    6880       1304.49    13.2076   1.932E-01   0.3022   0.4000   1.125E-15   2.82071905E-02   4.19298168E-04
    6900       1308.35    13.1457   1.932E-01   0.3101   0.4000   1.129E-15   2.82072106E-02   4.19323214E-04
    6920       1312.22    13.2139   1.932E-01   0.3292   0.4000   1.173E-15   2.82072295E-02   4.19348358E-04
    6940       1316.08    13.2328   1.932E-01   0.3493   0.4000   1.123E-15   2.82072472E-02   4.19373572E-04
    6960       1319.94    13.2790   5.527E-02   0.1045   0.1144   1.149E-15   2.82072637E-02   4.19398824E-04
    6980       1323.67    14.2340   1.932E-01   0.3768   0.4000   1.165E-15   2.82072786E-02   4.19423183E-04
    7000       1327.53    13.1182   1.932E-01   0.3828   0.4000   1.134E-15   2.82072931E-02   4.19448421E-04
    7020        1331.4    13.2246   1.932E-01   0.3820   0.4000   1.164E-15   2.82073067E-02   4.19473611E-04
    7040       1335.26    13.0687   1.932E-01   0.3725   0.4000   1.180E-15   2.82073193E-02   4.19498731E-04
    7060       1339.13    13.0351   1.932E-01   0.3762   0.4000   1.148E-15   2.82073311E-02   4.19523764E-04
    7080       1342.99    13.1427   1.932E-01   0.3750   0.4000   1.123E-15   2.82073422E-02   4.19548693E-04
    7100       1346.85    13.2130   1.932E-01   0.3572   0.4000   1.149E-15   2.82073527E-02   4.19573497E-04
    7120       1350.58    13.2460   1.932E-01   0.3423   0.4000   1.130E-15   2.82073624E-02   4.19597280E-04
    7140       1354.44    13.3645   1.932E-01   0.3190   0.4000   1.188E-15   2.82073720E-02   4.19621783E-04
    7160       1358.31    13.3066   1.932E-01   0.2946   0.4000   1.180E-15   2.82073811E-02   4.19646110E-04
    7180       1362.17    13.3462   1.932E-01   0.2774   0.4000   1.156E-15   2.82073896E-02   4.19670255E-04
    7200       1366.03    13.3382   1.932E-01   0.2621   0.4000   1.177E-15   2.82073971E-02   4.19694222E-04
    7220        1369.9    13.4136   1.932E-01   0.2574   0.4000   1.195E-15   2.82074036E-02   4.19718022E-04
    7240       1373.76    13.4085   1.932E-01   0.2628   0.4000   1.154E-15   2.82074090E-02   4.19741667E-04
    7260       1377.63    13.3902   1.932E-01   0.2655   0.4000   1.109E-15   2.82074135E-02   4.19765170E-04
    7280       1381.35    14.4936   1.932E-01   0.2642   0.4000   1.195E-15   2.82074171E-02   4.19787715E-04
    7300       1385.22    13.3994   1.932E-01   0.2592   0.4000   1.159E-15   2.82074201E-02   4.19810989E-04
    7320       1389.08    13.4160   1.932E-01   0.2536   0.4000   1.202E-15   2.82074226E-02   4.19834170E-04
    7340       1392.94    13.2958   1.932E-01   0.2525   0.4000   1.147E-15   2.82074247E-02   4.19857274E-04
    7360       1396.81    13.4471   1.932E-01   0.2517   0.4000   1.193E-15   2.82074264E-02   4.19880308E-04
    7380       1400.67    13.3987   1.932E-01   0.2501   0.4000   1.154E-15   2.82074279E-02   4.19903280E-04
    7400       1404.54    13.5306   1.932E-01   0.2472   0.4000   1.143E-15   2.82074293E-02   4.19926194E-04
    7420        1408.4    13.4522   1.932E-01   0.2486   0.4000   1.200E-15   2.82074307E-02   4.19949054E-04
    7440       1412.13    13.6294   1.932E-01   0.2540   0.4000   1.165E-15   2.82074319E-02   4.19971051E-04
    7460       1415.99    13.5870   1.932E-01   0.2547   0.4000   1.188E-15   2.82074331E-02   4.19993815E-04
    7480       1419.85    13.5935   1.932E-01   0.2523   0.4000   1.170E-15   2.82074342E-02   4.20016536E-04
    7500       1423.72    13.6707   1.932E-01   0.2523   0.4000   1.206E-15   2.82074352E-02   4.20039213E-04
    7520       1427.58    13.5845   1.932E-01   0.2462   0.4000   1.189E-15   2.82074359E-02   4.20061844E-04
    7540       1431.44    13.5965   1.932E-01   0.2469   0.4000   1.259E-15   2.82074364E-02   4.20084421E-04
    7560       1435.31    13.6405   1.932E-01   0.2497   0.4000   1.182E-15   2.82074364E-02   4.20106932E-04
    7580       1439.17    13.7618   1.932E-01   0.2539   0.4000   1.248E-15   2.82074359E-02   4.20129360E-04
    7600        1442.9    14.6901   1.932E-01   0.2611   0.4000   1.225E-15   2.82074350E-02   4.20150893E-04
    7620       1446.76    13.4737   1.932E-01   0.2659   0.4000   1.145E-15   2.82074335E-02   4.20173103E-04
    7640       1450.63    13.5066   1.932E-01   0.2779   0.4000   1.180E-15   2.82074315E-02   4.20195168E-04
    7660       1454.49    13.5001   1.932E-01   0.2787   0.4000   1.221E-15   2.82074291E-02   4.20217065E-04
    7680       1458.35    13.5832   1.932E-01   0.2885   0.4000   1.148E-15   2.82074262E-02   4.20238772E-04
    7700       1462.22    13.7877   1.932E-01   0.2936   0.4000   1.200E-15   2.82074231E-02   4.20260273E-04
    7720       1466.08    13.5136   1.932E-01   0.2894   0.4000   1.159E-15   2.82074197E-02   4.20281558E-04
    7740       1469.94    13.6939   5.527E-02   0.0844   0.1144   1.164E-15   2.82074162E-02   4.20302619E-04
    7760       1473.67    13.6078   1.932E-01   0.2955   0.4000   1.180E-15   2.82074127E-02   4.20322717E-04
    7780       1477.53    13.5648   1.932E-01   0.2963   0.4000   1.150E-15   2.82074092E-02   4.20343337E-04
    7800        1481.4    13.5966   1.932E-01   0.2986   0.4000   1.200E-15   2.82074060E-02   4.20363730E-04
    7820       1485.26    13.8021   1.932E-01   0.2958   0.4000   1.180E-15   2.82074030E-02   4.20383896E-04
    7840       1489.13    13.7916   1.932E-01   0.2885   0.4000   1.151E-15   2.82074006E-02   4.20403835E-04
    7860       1492.99    13.6916   1.932E-01   0.2844   0.4000   1.138E-15   2.82073988E-02   4.20423549E-04
    7880       1496.85    13.5145   1.932E-01   0.2866   0.4000   1.223E-15   2.82073977E-02   4.20443046E-04
    7900       1500.58    14.5812   1.932E-01   0.2942   0.4000   1.192E-15   2.82073975E-02   4.20461653E-04
    7920       1504.44    13.5550   1.932E-01   0.2914   0.4000   1.147E-15   2.82073980E-02   4.20480757E-04
    7940       1508.31    13.6544   1.932E-01   0.2935   0.4000   1.184E-15   2.82073994E-02   4.20499680E-04
    7960       1512.17    13.5916   1.932E-01   0.2861   0.4000   1.175E-15   2.82074016E-02   4.20518432E-04
    7980       1516.03    13.5668   1.932E-01   0.2720   0.4000   1.146E-15   2.82074046E-02   4.20537017E-04
    8000        1519.9    13.5469   1.932E-01   0.2723   0.4000   1.163E-15   2.82074084E-02   4.20555440E-04
    8020       1523.76    13.5474   1.932E-01   0.2796   0.4000   1.169E-15   2.82074130E-02   4.20573705E-04
    8040       1527.63    13.4421   1.932E-01   0.2788   0.4000   1.299E-15   2.82074186E-02   4.20591820E-04
    8060       1531.35    13.5307   1.932E-01   0.2707   0.4000   1.212E-15   2.82074249E-02   4.20609155E-04
    8080       1535.22    13.4938   1.932E-01   0.2702   0.4000   1.198E-15   2.82074325E-02   4.20627007E-04
    8100       1539.08    13.4686   1.932E-01   0.2715   0.4000   1.205E-15   2.82074411E-02   4.20644745E-04
    8120       1542.94    13.5596   1.932E-01   0.2715   0.4000   1.285E-15   2.82074508E-02   4.20662380E-04
    8140       1546.81    13.4408   1.932E-01   0.2702   0.4000   1.193E-15   2.82074616E-02   4.20679924E-04
    8160       1550.67    13.5515   1.932E-01   0.2682   0.4000   1.122E-15   2.82074734E-02   4.20697387E-04
    8180       1554.54    13.5012   1.932E-01   0.2655   0.4000   1.220E-15   2.82074860E-02   4.20714776E-04
    8200        1558.4    13.5485   1.932E-01   0.2610   0.4000   1.142E-15   2.82074995E-02   4.20732101E-04
    8220       1562.13    14.4480   1.932E-01   0.2571   0.4000   1.137E-15   2.82075131E-02   4.20748755E-04
    8240       1565.99    13.5693   1.932E-01   0.2593   0.4000   1.162E-15   2.82075277E-02   4.20765979E-04
    8260       1569.85    13.5724   1.932E-01   0.2634   0.4000   1.229E-15   2.82075426E-02   4.20783165E-04
    8280       1573.72    13.4311   1.932E-01   0.2599   0.4000   1.165E-15   2.82075577E-02   4.20800321E-04
    8300       1577.58    13.6168   1.932E-01   0.2657   0.4000   1.156E-15   2.82075728E-02   4.20817456E-04
    8320       1581.44    14.1600   1.932E-01   0.2761   0.4000   1.216E-15   2.82075879E-02   4.20834576E-04
    8340       1585.31    13.8262   1.932E-01   0.2753   0.4000   1.193E-15   2.82076030E-02   4.20851686E-04
    8360       1589.17    13.5735   1.932E-01   0.2859   0.4000   1.264E-15   2.82076180E-02   4.20868785E-04
    8380        1592.9    13.6297   1.932E-01   0.2814   0.4000   1.202E-15   2.82076324E-02   4.20885257E-04
    8400       1596.76    13.4798   1.932E-01   0.2766   0.4000   1.147E-15   2.82076474E-02   4.20902310E-04
    8420       1600.63    13.3788   1.932E-01   0.2762   0.4000   1.142E-15   2.82076623E-02   4.20919320E-04
    8440       1604.49    13.6622   1.932E-01   0.2612   0.4000   1.110E-15   2.82076773E-02   4.20936273E-04
    8460       1608.35    13.5436   1.932E-01   0.2573   0.4000   1.128E-15   2.82076923E-02   4.20953159E-04
    8480       1612.22    13.4998   1.932E-01   0.2539   0.4000   1.124E-15   2.82077074E-02   4.20969975E-04
    8500       1616.08    13.4173   1.932E-01   0.2555   0.4000   1.142E-15   2.82077226E-02   4.20986718E-04
    8520       1619.94    13.5191   5.527E-02   0.0731   0.1144   1.173E-15   2.82077379E-02   4.21003387E-04
    8540       1623.67    14.4382   1.932E-01   0.2616   0.4000   1.158E-15   2.82077528E-02   4.21019387E-04
    8560       1627.53    13.7357   1.932E-01   0.2565   0.4000   1.173E-15   2.82077686E-02   4.21035894E-04
    8580        1631.4    13.4118   1.932E-01   0.2640   0.4000   1.144E-15   2.82077847E-02   4.21052301E-04
    8600       1635.26    13.5558   1.932E-01   0.2600   0.4000   1.165E-15   2.82078014E-02   4.21068594E-04
    8620       1639.13    13.2269   1.932E-01   0.2617   0.4000   1.166E-15   2.82078189E-02   4.21084760E-04
    8640       1642.99    13.3583   1.932E-01   0.2573   0.4000   1.177E-15   2.82078372E-02   4.21100786E-04
    8660       1646.85    13.3823   1.932E-01   0.2586   0.4000   1.152E-15   2.82078568E-02   4.21116664E-04
    8680       1650.58    13.4541   1.932E-01   0.2558   0.4000   1.132E-15   2.82078768E-02   4.21131831E-04
    8700       1654.44    13.2963   1.932E-01   0.2558   0.4000   1.146E-15   2.82078988E-02   4.21147407E-04
    8720       1658.31    13.4382   1.932E-01   0.2643   0.4000   1.103E-15   2.82079223E-02   4.21162833E-04
    8740       1662.17    13.7794   1.932E-01   0.2794   0.4000   1.158E-15   2.82079472E-02   4.21178120E-04
    8760       1666.03    13.5343   1.932E-01   0.2824   0.4000   1.110E-15   2.82079735E-02   4.21193281E-04
    8780        1669.9    13.3323   1.932E-01   0.2882   0.4000   1.161E-15   2.82080011E-02   4.21208335E-04
    8800       1673.76    13.4776   1.932E-01   0.2872   0.4000   1.160E-15   2.82080300E-02   4.21223303E-04
    8820       1677.63    13.7168   1.932E-01   0.2864   0.4000   1.165E-15   2.82080601E-02   4.21238205E-04
    8840       1681.35    14.6349   1.932E-01   0.2924   0.4000   1.159E-15   2.82080902E-02   4.21252531E-04
    8860       1685.22    13.4646   1.932E-01   0.2997   0.4000   1.115E-15   2.82081224E-02   4.21267356E-04
    8880       1689.08    13.3948   1.932E-01   0.3138   0.4000   1.152E-15   2.82081556E-02   4.21282161E-04
    8900       1692.94    13.4643   1.932E-01   0.3268   0.4000   1.225E-15   2.82081898E-02   4.21296955E-04
    8920       1696.81    13.3141   1.932E-01   0.3390   0.4000   1.135E-15   2.82082249E-02   4.21311743E-04
    8940       1700.67    13.4015   1.932E-01   0.3467   0.4000   1.161E-15   2.82082609E-02   4.21326520E-04
    8960       1704.54    13.4157   1.932E-01   0.3475   0.4000   1.125E-15   2.82082976E-02   4.21341279E-04
    8980        1708.4    13.3587   1.932E-01   0.3488   0.4000   1.114E-15   2.82083350E-02   4.21356001E-04
    9000       1712.13    13.4989   1.932E-01   0.3464   0.4000   1.130E-15   2.82083714E-02   4.21370147E-04
    9020       1715.99    13.3714   1.932E-01   0.3326   0.4000   1.138E-15   2.82084094E-02   4.21384743E-04
    9040       1719.85    13.7332   1.932E-01   0.3194   0.4000   1.157E-15   2.82084472E-02   4.21399246E-04
    9060       1723.72    13.3706   1.932E-01   0.3026   0.4000   1.128E-15   2.82084847E-02   4.21413642E-04
    9080       1727.58    13.4167   1.932E-01   0.2926   0.4000   1.157E-15   2.82085215E-02   4.21427923E-04
    9100       1731.44    13.3112   1.932E-01   0.2882   0.4000   1.121E-15   2.82085577E-02   4.21442083E-04
    9120       1735.31    13.4587   1.932E-01   0.2892   0.4000   1.178E-15   2.82085929E-02   4.21456123E-04
    9140       1739.17    13.3324   1.932E-01   0.2896   0.4000   1.249E-15   2.82086272E-02   4.21470043E-04
    9160        1742.9    14.3280   1.932E-01   0.2855   0.4000   1.180E-15   2.82086593E-02   4.21483359E-04
    9180       1746.76    13.3248   1.932E-01   0.2842   0.4000   1.143E-15   2.82086917E-02   4.21497061E-04
    9200       1750.63    13.4010   1.932E-01   0.2764   0.4000   1.176E-15   2.82087231E-02   4.21510666E-04
    9220       1754.49    13.5430   1.932E-01   0.2636   0.4000   1.143E-15   2.82087535E-02   4.21524184E-04
    9240       1758.35    13.4718   1.932E-01   0.2574   0.4000   1.119E-15   2.82087827E-02   4.21537629E-04
    9260       1762.22    13.2155   1.932E-01   0.2525   0.4000   1.118E-15   2.82088108E-02   4.21551012E-04
    9280       1766.08    13.2362   1.932E-01   0.2602   0.4000   1.161E-15   2.82088375E-02   4.21564348E-04
    9300       1769.94    13.2928   5.527E-02   0.0765   0.1144   1.136E-15   2.82088627E-02   4.21577647E-04
    9320       1773.67    13.3230   1.932E-01   0.2663   0.4000   1.142E-15   2.82088857E-02   4.21590445E-04
    9340       1777.53    13.5743   1.932E-01   0.2746   0.4000   1.140E-15   2.82089080E-02   4.21603695E-04
    9360        1781.4    13.5364   1.932E-01   0.2799   0.4000   1.137E-15   2.82089289E-02   4.21616927E-04
    9380       1785.26    13.4753   1.932E-01   0.2750   0.4000   1.160E-15   2.82089484E-02   4.21630141E-04
    9400       1789.13    13.2662   1.932E-01   0.2697   0.4000   1.149E-15   2.82089667E-02   4.21643334E-04
    9420       1792.99    13.2521   1.932E-01   0.2704   0.4000   1.182E-15   2.82089838E-02   4.21656502E-04
    9440       1796.85    13.2548   1.932E-01   0.2595   0.4000   1.139E-15   2.82090001E-02   4.21669639E-04
    9460       1800.58    14.5765   1.932E-01   0.2512   0.4000   1.152E-15   2.82090149E-02   4.21682273E-04
    9480       1804.44    13.3544   1.932E-01   0.2465   0.4000   1.190E-15   2.82090295E-02   4.21695334E-04
    9500       1808.31    13.2079   1.932E-01   0.2563   0.4000   1.200E-15   2.82090434E-02   4.21708348E-04
    9520       1812.17    13.2226   1.932E-01   0.2635   0.4000   1.140E-15   2.82090564E-02   4.21721305E-04
    9540       1816.03    13.4759   1.932E-01   0.2678   0.4000   1.120E-15   2.82090686E-02   4.21734196E-04
    9560        1819.9    13.2198   1.932E-01   0.2816   0.4000   1.178E-15   2.82090799E-02   4.21747010E-04
    9580       1823.76    13.4827   1.932E-01   0.2817   0.4000   1.108E-15   2.82090902E-02   4.21759737E-04
    9600       1827.63    13.1946   1.932E-01   0.2945   0.4000   1.127E-15   2.82090995E-02   4.21772368E-04
    9620       1831.35    13.4901   1.932E-01   0.2931   0.4000   1.116E-15   2.82091074E-02   4.21784451E-04
    9640       1835.22    13.2390   1.932E-01   0.2961   0.4000   1.119E-15   2.82091147E-02   4.21796873E-04
    9660       1839.08    13.2215   1.932E-01   0.2987   0.4000   1.145E-15   2.82091210E-02   4.21809176E-04
    9680       1842.94    13.5353   1.932E-01   0.2879   0.4000   1.122E-15   2.82091265E-02   4.21821350E-04
    9700       1846.81    13.3557   1.932E-01   0.2915   0.4000   1.127E-15   2.82091313E-02   4.21833385E-04
    9720       1850.67    13.3443   1.932E-01   0.2809   0.4000   1.141E-15   2.82091354E-02   4.21845269E-04
    9740       1854.54    13.5583   1.932E-01   0.2749   0.4000   1.162E-15   2.82091391E-02   4.21856992E-04
    9760        1858.4    13.3249   1.932E-01   0.2710   0.4000   1.185E-15   2.82091422E-02   4.21868543E-04
    9780       1862.13    14.1885   1.932E-01   0.2720   0.4000   1.128E-15   2.82091449E-02   4.21879513E-04
    9800       1865.99    13.1717   1.932E-01   0.2765   0.4000   1.154E-15   2.82091474E-02   4.21890709E-04
    9820       1869.85    13.2984   1.932E-01   0.2818   0.4000   1.201E-15   2.82091494E-02   4.21901721E-04
    9840       1873.72    13.5083   1.932E-01   0.2830   0.4000   1.211E-15   2.82091512E-02   4.21912553E-04
    9860       1877.58    13.1736   1.932E-01   0.2798   0.4000   1.161E-15   2.82091527E-02   4.21923211E-04
    9880       1881.44    13.1782   1.932E-01   0.2827   0.4000   1.163E-15   2.82091540E-02   4.21933701E-04
    9900       1885.31    13.9035   1.932E-01   0.2877   0.4000   1.142E-15   2.82091553E-02   4.21944028E-04
    9920       1889.17    15.2881   1.932E-01   0.2880   0.4000   1.150E-15   2.82091566E-02   4.21954198E-04
    9940        1892.9    13.9743   1.932E-01   0.3042   0.4000   1.190E-15   2.82091580E-02   4.21963861E-04
    9960       1896.76    14.1987   1.932E-01   0.3097   0.4000   1.139E-15   2.82091597E-02   4.21973736E-04
    9980       1900.63    14.2736   1.932E-01   0.3258   0.4000   1.147E-15   2.82091618E-02   4.21983469E-04
   10000       1904.49    13.3276   1.932E-01   0.3388   0.4000   1.181E-15   2.82091646E-02   4.21993068E-04
   10020       1908.35    13.2312   1.932E-01   0.3406   0.4000   1.199E-15   2.82091681E-02   4.22002548E-04
   10040       1912.22    13.2120   1.932E-01   0.3275   0.4000   1.181E-15   2.82091727E-02   4.22011925E-04
   10060       1916.08    13.1221   1.932E-01   0.3188   0.4000   1.205E-15   2.82091784E-02   4.22021223E-04
   10080       1919.94    13.1600   5.527E-02   0.0863   0.1144   1.142E-15   2.82091856E-02   4.22030463E-04
   10100       1923.67    14.0375   1.932E-01   0.2844   0.4000   1.162E-15   2.82091940E-02   4.22039337E-04
   10120       1927.53    13.3440   1.932E-01   0.2711   0.4000   1.165E-15   2.82092042E-02   4.22048516E-04
   10140        1931.4    13.1057   1.932E-01   0.2730   0.4000   1.152E-15   2.82092159E-02   4.22057677E-04
   10160       1935.26    13.0268   1.932E-01   0.2689   0.4000   1.179E-15   2.82092292E-02   4.22066824E-04
   10180       1939.13    13.0145   1.932E-01   0.2713   0.4000   1.180E-15   2.82092439E-02   4.22075956E-04
   10200       1942.99    12.9937   1.932E-01   0.2711   0.4000   1.166E-15   2.82092601E-02   4.22085069E-04
   10220       1946.85    12.9446   1.932E-01   0.2854   0.4000   1.150E-15   2.82092778E-02   4.22094157E-04
   10240       1950.58    12.9525   1.932E-01   0.2894   0.4000   1.252E-15   2.82092963E-02   4.22102889E-04
   10260       1954.44    12.9098   1.932E-01   0.2990   0.4000   1.231E-15   2.82093169E-02   4.22111897E-04
   10280       1958.31    12.9251   1.932E-01   0.2962   0.4000   1.231E-15   2.82093392E-02   4.22120842E-04
   10300       1962.17    12.9224   1.932E-01   0.2895   0.4000   1.166E-15   2.82093631E-02   4.22129711E-04
   10320       1966.03    12.8707   1.932E-01   0.2954   0.4000   1.195E-15   2.82093887E-02   4.22138485E-04
   10340        1969.9    12.9733   1.932E-01   0.2916   0.4000   1.190E-15   2.82094162E-02   4.22147146E-04
   10360       1973.76    13.0163   1.932E-01   0.2819   0.4000   1.238E-15   2.82094456E-02   4.22155675E-04
   10380       1977.63    12.9498   1.932E-01   0.2894   0.4000   1.188E-15   2.82094768E-02   4.22164049E-04
   10400       1981.35    13.7948   1.932E-01   0.2951   0.4000   1.200E-15   2.82095088E-02   4.22171959E-04
   10420       1985.22    12.8177   1.932E-01   0.3063   0.4000   1.174E-15   2.82095438E-02   4.22179974E-04
   10440       1989.08    12.9662   1.932E-01   0.3172   0.4000   1.189E-15   2.82095805E-02   4.22187785E-04
   10460       1992.94    12.8301   1.932E-01   0.3208   0.4000   1.216E-15   2.82096186E-02   4.22195383E-04
   10480       1996.81    12.8230   1.932E-01   0.3192   0.4000   1.287E-15   2.82096580E-02   4.22202760E-04
   10500       2000.67    12.8828   1.932E-01   0.3189   0.4000   1.190E-15   2.82096985E-02   4.22209910E-04
   10520       2004.54    12.7755   1.932E-01   0.3116   0.4000   1.200E-15   2.82097399E-02   4.22216831E-04
   10540        2008.4    12.8313   1.932E-01   0.2944   0.4000   1.177E-15   2.82097820E-02   4.22223526E-04
   10560       2012.13    13.0656   1.932E-01   0.2714   0.4000   1.206E-15   2.82098233E-02   4.22229771E-04
   10580       2015.99    13.9049   1.932E-01   0.2605   0.4000   1.198E-15   2.82098665E-02   4.22236034E-04
   10600       2019.85    14.9138   1.932E-01   0.2701   0.4000   1.155E-15   2.82099100E-02   4.22242086E-04
   10620       2023.72    15.0481   1.932E-01   0.2730   0.4000   1.230E-15   2.82099538E-02   4.22247935E-04
   10640       2027.58    14.4995   1.932E-01   0.2780   0.4000   1.177E-15   2.82099977E-02   4.22253593E-04
   10660       2031.44    14.7275   1.932E-01   0.2817   0.4000   1.149E-15   2.82100418E-02   4.22259081E-04
   10680       2035.31    14.9178   1.932E-01   0.2851   0.4000   1.277E-15   2.82100862E-02   4.22264425E-04
   10700       2039.17    13.9168   1.932E-01   0.2872   0.4000   1.199E-15   2.82101311E-02   4.22269656E-04
   10720        2042.9    14.1863   1.932E-01   0.2875   0.4000   1.232E-15   2.82101750E-02   4.22274617E-04
   10740       2046.76    12.9354   1.932E-01   0.2890   0.4000   1.164E-15   2.82102214E-02   4.22279692E-04
   10760       2050.63    12.9614   1.932E-01   0.2955   0.4000   1.190E-15   2.82102689E-02   4.22284706E-04
   10780       2054.49    12.8751   1.932E-01   0.2975   0.4000   1.158E-15   2.82103173E-02   4.22289657E-04
   10800       2058.35    12.8865   1.932E-01   0.2998   0.4000   1.189E-15   2.82103668E-02   4.22294536E-04
   10820       2062.22    12.8377   1.932E-01   0.2962   0.4000   1.194E-15   2.82104173E-02   4.22299331E-04
   10840       2066.08    12.8994   1.932E-01   0.3003   0.4000   1.193E-15   2.82104688E-02   4.22304030E-04
   10860       2069.94    12.8899   5.527E-02   0.0840   0.1144   1.224E-15   2.82105214E-02   4.22308627E-04
   10880       2073.67    13.0106   1.932E-01   0.2863   0.4000   1.209E-15   2.82105730E-02   4.22312963E-04
   10900       2077.53    13.0514   1.932E-01   0.2784   0.4000   1.188E-15   2.82106277E-02   4.22317361E-04
   10920        2081.4    12.8703   1.932E-01   0.2715   0.4000   1.331E-15   2.82106835E-02   4.22321667E-04
   10940       2085.26    12.7945   1.932E-01   0.2716   0.4000   1.170E-15   2.82107405E-02   4.22325890E-04
   10960       2089.13    12.8255   1.932E-01   0.2756   0.4000   1.226E-15   2.82107989E-02   4.22330039E-04
   10980       2092.99    12.9382   1.932E-01   0.2860   0.4000   1.179E-15   2.82108588E-02   4.22334128E-04
   11000       2096.85    12.7933   1.932E-01   0.2991   0.4000   1.159E-15   2.82109203E-02   4.22338168E-04
   11020       2100.58    13.8602   1.932E-01   0.2980   0.4000   1.162E-15   2.82109814E-02   4.22342027E-04
   11040       2104.44    12.8824   1.932E-01   0.3034   0.4000   1.213E-15   2.82110466E-02   4.22346000E-04
   11060       2108.31    12.7776   1.932E-01   0.3073   0.4000   1.216E-15   2.82111138E-02   4.22349952E-04
   11080       2112.17    12.8305   1.932E-01   0.2975   0.4000   1.219E-15   2.82111829E-02   4.22353890E-04
   11100       2116.03    12.8721   1.932E-01   0.3016   0.4000   1.203E-15   2.82112539E-02   4.22357815E-04
   11120        2119.9    12.8444   1.932E-01   0.2921   0.4000   1.216E-15   2.82113268E-02   4.22361723E-04
   11140       2123.76    12.8519   1.932E-01   0.2923   0.4000   1.237E-15   2.82114014E-02   4.22365606E-04
   11160       2127.63    12.8229   1.932E-01   0.2943   0.4000   1.179E-15   2.82114778E-02   4.22369452E-04
   11180       2131.35    12.8841   1.932E-01   0.3118   0.4000   1.218E-15   2.82115531E-02   4.22373110E-04
   11200       2135.22    12.8527   1.932E-01   0.3282   0.4000   1.249E-15   2.82116327E-02   4.22376835E-04
   11220       2139.08    12.7881   1.932E-01   0.3380   0.4000   1.207E-15   2.82117139E-02   4.22380474E-04
   11240       2142.94    12.7993   1.932E-01   0.3427   0.4000   1.276E-15   2.82117966E-02   4.22384009E-04
   11260       2146.81    12.8884   1.932E-01   0.3407   0.4000   1.263E-15   2.82118808E-02   4.22387423E-04
   11280       2150.67    12.8531   1.932E-01   0.3439   0.4000   1.223E-15   2.82119664E-02   4.22390697E-04
   11300       2154.54    12.8183   1.932E-01   0.3470   0.4000   1.226E-15   2.82120533E-02   4.22393815E-04
   11320        2158.4    12.7875   1.932E-01   0.3359   0.4000   1.202E-15   2.82121416E-02   4.22396761E-04
   11340       2162.13    13.7796   1.932E-01   0.3290   0.4000   1.219E-15   2.82122278E-02   4.22399425E-04
   11360       2165.99    12.8748   1.932E-01   0.3283   0.4000   1.243E-15   2.82123183E-02   4.22401989E-04
   11380       2169.85    12.9802   1.932E-01   0.3461   0.4000   1.188E-15   2.82124096E-02   4.22404333E-04
   11400       2173.72    12.9210   1.932E-01   0.3465   0.4000   1.187E-15   2.82125016E-02   4.22406444E-04
   11420       2177.58    12.7665   1.932E-01   0.3301   0.4000   1.220E-15   2.82125940E-02   4.22408307E-04
   11440       2181.44    12.8321   1.932E-01   0.3022   0.4000   1.259E-15   2.82126866E-02   4.22409910E-04
   11460       2185.31    12.7988   1.932E-01   0.2940   0.4000   1.201E-15   2.82127793E-02   4.22411235E-04
   11480       2189.17    12.8647   1.932E-01   0.3000   0.4000   1.200E-15   2.82128719E-02   4.22412259E-04
   11500        2192.9    12.8463   1.932E-01   0.3029   0.4000   1.193E-15   2.82129610E-02   4.22412941E-04
   11520       2196.76    12.9852   1.932E-01   0.3090   0.4000   1.197E-15   2.82130533E-02   4.22413311E-04
   11540       2200.63    15.2107   1.932E-01   0.3078   0.4000   1.230E-15   2.82131454E-02   4.22413326E-04
   11560       2204.49    13.1623   1.932E-01   0.3068   0.4000   1.207E-15   2.82132371E-02   4.22412985E-04
   11580       2208.35    13.2219   1.932E-01   0.3030   0.4000   1.227E-15   2.82133286E-02   4.22412297E-04
   11600       2212.22    12.7941   1.932E-01   0.2948   0.4000   1.261E-15   2.82134195E-02   4.22411280E-04
   11620       2216.08    12.8078   1.932E-01   0.2877   0.4000   1.228E-15   2.82135099E-02   4.22409957E-04
   11640       2219.94    12.7987   5.527E-02   0.0822   0.1144   1.216E-15   2.82135996E-02   4.22408350E-04
   11660       2223.67    13.8012   1.932E-01   0.3026   0.4000   1.280E-15   2.82136857E-02   4.22406552E-04
   11680       2227.53    13.0358   1.932E-01   0.3005   0.4000   1.269E-15   2.82137745E-02   4.22404452E-04
   11700        2231.4    13.5432   1.932E-01   0.2924   0.4000   1.256E-15   2.82138629E-02   4.22402136E-04
   11720       2235.26    12.9001   1.932E-01   0.2930   0.4000   1.289E-15   2.82139511E-02   4.22399629E-04
   11740       2239.13    12.9312   1.932E-01   0.2974   0.4000   1.193E-15   2.82140391E-02   4.22396961E-04
   11760       2242.99    12.9540   1.932E-01   0.3011   0.4000   1.246E-15   2.82141271E-02   4.22394159E-04
   11780       2246.85    12.8542   1.932E-01   0.3055   0.4000   1.197E-15   2.82142152E-02   4.22391245E-04
   11800       2250.58    12.9330   1.932E-01   0.3077   0.4000   1.255E-15   2.82143004E-02   4.22388341E-04
   11820       2254.44    12.8109   1.932E-01   0.3085   0.4000   1.223E-15   2.82143890E-02   4.22385227E-04
   11840       2258.31    12.7878   1.932E-01   0.3080   0.4000   1.300E-15   2.82144781E-02   4.22381994E-04
   11860       2262.17    12.8718   1.932E-01   0.3063   0.4000   1.219E-15   2.82145674E-02   4.22378621E-04
   11880       2266.03    12.8332   1.932E-01   0.3034   0.4000   1.229E-15   2.82146570E-02   4.22375085E-04
   11900        2269.9    12.7787   1.932E-01   0.2990   0.4000   1.169E-15   2.82147465E-02   4.22371368E-04
   11920       2273.76    12.7504   1.932E-01   0.2938   0.4000   1.222E-15   2.82148357E-02   4.22367463E-04
   11940       2277.63    12.8100   1.932E-01   0.2881   0.4000   1.313E-15   2.82149241E-02   4.22363378E-04
   11960       2281.35    13.7290   1.932E-01   0.2906   0.4000   1.234E-15   2.82150084E-02   4.22359283E-04
   11980       2285.22    12.8526   1.932E-01   0.2894   0.4000   1.276E-15   2.82150946E-02   4.22354896E-04
   12000       2289.08    12.8051   1.932E-01   0.2894   0.4000   1.255E-15   2.82151790E-02   4.22350389E-04
   12020       2292.94    12.8154   1.932E-01   0.2844   0.4000   1.246E-15   2.82152614E-02   4.22345781E-04
   12040       2296.81    12.9446   1.932E-01   0.2921   0.4000   1.220E-15   2.82153414E-02   4.22341093E-04
   12060       2300.67    12.8386   1.932E-01   0.2948   0.4000   1.254E-15   2.82154187E-02   4.22336344E-04
   12080       2304.54    12.8050   1.932E-01   0.2874   0.4000   1.276E-15   2.82154931E-02   4.22331555E-04
   12100        2308.4    12.8242   1.932E-01   0.2843   0.4000   1.265E-15   2.82155646E-02   4.22326742E-04
   12120       2312.13    12.8340   1.932E-01   0.2833   0.4000   1.250E-15   2.82156307E-02   4.22322095E-04
   12140       2315.99    12.8846   1.932E-01   0.2869   0.4000   1.301E-15   2.82156965E-02   4.22317281E-04
   12160       2319.85    12.8153   1.932E-01   0.3036   0.4000   1.295E-15   2.82157596E-02   4.22312488E-04
   12180       2323.72    12.8373   1.932E-01   0.3091   0.4000   1.200E-15   2.82158204E-02   4.22307730E-04
   12200       2327.58    12.7777   1.932E-01   0.3083   0.4000   1.305E-15   2.82158790E-02   4.22303026E-04
   12220       2331.44    12.8418   1.932E-01   0.3148   0.4000   1.246E-15   2.82159355E-02   4.22298399E-04
   12240       2335.31    12.8023   1.932E-01   0.3074   0.4000   1.260E-15   2.82159902E-02   4.22293872E-04
   12260       2339.17    12.8197   1.932E-01   0.2887   0.4000   1.246E-15   2.82160430E-02   4.22289474E-04
   12280        2342.9    13.8163   1.932E-01   0.2880   0.4000   1.287E-15   2.82160924E-02   4.22285386E-04
   12300       2346.76    12.7689   1.932E-01   0.2925   0.4000   1.277E-15   2.82161422E-02   4.22281339E-04
   12320       2350.63    12.9307   1.932E-01   0.2860   0.4000   1.217E-15   2.82161906E-02   4.22277525E-04
   12340       2354.49    12.8178   1.932E-01   0.2773   0.4000   1.233E-15   2.82162378E-02   4.22273974E-04
   12360       2358.35    12.8829   1.932E-01   0.2703   0.4000   1.227E-15   2.82162840E-02   4.22270701E-04
   12380       2362.22    12.8161   1.932E-01   0.2706   0.4000   1.246E-15   2.82163293E-02   4.22267707E-04
   12400       2366.08    12.8255   1.932E-01   0.2792   0.4000   1.228E-15   2.82163739E-02   4.22264979E-04
   12420       2369.94    12.8406   5.527E-02   0.0814   0.1144   1.220E-15   2.82164178E-02   4.22262502E-04
   12440       2373.67    12.8373   1.932E-01   0.2959   0.4000   1.244E-15   2.82164596E-02   4.22260334E-04
   12460       2377.53    12.8719   1.932E-01   0.3004   0.4000   1.203E-15   2.82165024E-02   4.22258299E-04
   12480        2381.4    12.7734   1.932E-01   0.3001   0.4000   1.304E-15   2.82165445E-02   4.22256468E-04
   12500       2385.26    12.8149   1.932E-01   0.3095   0.4000   1.207E-15   2.82165859E-02   4.22254830E-04
   12520       2389.13    12.7937   1.932E-01   0.3183   0.4000   1.224E-15   2.82166265E-02   4.22253377E-04
   12540       2392.99    12.8846   1.932E-01   0.3229   0.4000   1.192E-15   2.82166661E-02   4.22252099E-04
   12560       2396.85    12.8618   1.932E-01   0.3229   0.4000   1.278E-15   2.82167047E-02   4.22250984E-04
   12580       2400.58    13.8147   1.932E-01   0.3169   0.4000   1.271E-15   2.82167408E-02   4.22250043E-04
   12600       2404.44    12.8498   1.932E-01   0.3109   0.4000   1.275E-15   2.82167770E-02   4.22249182E-04
   12620       2408.31    12.7928   1.932E-01   0.2951   0.4000   1.217E-15   2.82168119E-02   4.22248414E-04
   12640       2412.17    12.7967   1.932E-01   0.2759   0.4000   1.230E-15   2.82168453E-02   4.22247712E-04
   12660       2416.03    12.8519   1.932E-01   0.2799   0.4000   1.233E-15   2.82168772E-02   4.22247052E-04
   12680        2419.9    12.7557   1.932E-01   0.2799   0.4000   1.218E-15   2.82169075E-02   4.22246414E-04
   12700       2423.76    12.8006   1.932E-01   0.2835   0.4000   1.282E-15   2.82169363E-02   4.22245782E-04
   12720       2427.63    12.8597   1.932E-01   0.2865   0.4000   1.292E-15   2.82169635E-02   4.22245145E-04
   12740       2431.35    12.9092   1.932E-01   0.2893   0.4000   1.284E-15   2.82169882E-02   4.22244515E-04
   12760       2435.22    12.7445   1.932E-01   0.2854   0.4000   1.242E-15   2.82170122E-02   4.22243828E-04
   12780       2439.08    12.8627   1.932E-01   0.2767   0.4000   1.247E-15   2.82170347E-02   4.22243083E-04
   12800       2442.94    12.8611   1.932E-01   0.2813   0.4000   1.226E-15   2.82170557E-02   4.22242254E-04
   12820       2446.81    12.9517   1.932E-01   0.2829   0.4000   1.260E-15   2.82170755E-02   4.22241310E-04
   12840       2450.67    12.7994   1.932E-01   0.2948   0.4000   1.247E-15   2.82170940E-02   4.22240220E-04
   12860       2454.54    12.8204   1.932E-01   0.3019   0.4000   1.227E-15   2.82171116E-02   4.22238954E-04
   12880        2458.4    12.8001   1.932E-01   0.2927   0.4000   1.245E-15   2.82171282E-02   4.22237485E-04
   12900       2462.13    13.7754   1.932E-01   0.2883   0.4000   1.207E-15   2.82171435E-02   4.22235857E-04
   12920       2465.99    12.7523   1.932E-01   0.2896   0.4000   1.191E-15   2.82171588E-02   4.22233940E-04
   12940       2469.85    12.8607   1.932E-01   0.2729   0.4000   1.213E-15   2.82171736E-02   4.22231790E-04
   12960       2473.72    12.8919   1.932E-01   0.2714   0.4000   1.336E-15   2.82171880E-02   4.22229417E-04
   12980       2477.58    12.8924   1.932E-01   0.2734   0.4000   1.224E-15   2.82172021E-02   4.22226834E-04
   13000       2481.44    12.8043   1.932E-01   0.2776   0.4000   1.232E-15   2.82172161E-02   4.22224062E-04
   13020       2485.31    13.0970   1.932E-01   0.2783   0.4000   1.216E-15   2.82172299E-02   4.22221124E-04
   13040       2489.17    12.8221   1.932E-01   0.2808   0.4000   1.160E-15   2.82172439E-02   4.22218051E-04
   13060        2492.9    12.8831   1.932E-01   0.2850   0.4000   1.222E-15   2.82172575E-02   4.22214991E-04
   13080       2496.76    12.8435   1.932E-01   0.2877   0.4000   1.206E-15   2.82172718E-02   4.22211748E-04
   13100       2500.63    12.8524   1.932E-01   0.2893   0.4000   1.246E-15   2.82172865E-02   4.22208460E-04
   13120       2504.49    12.8197   1.932E-01   0.2898   0.4000   1.193E-15   2.82173017E-02   4.22205146E-04
   13140       2508.35    13.0643   1.932E-01   0.2891   0.4000   1.291E-15   2.82173173E-02   4.22201814E-04
   13160       2512.22    12.8906   1.932E-01   0.2877   0.4000   1.166E-15   2.82173332E-02   4.22198464E-04
   13180       2516.08    12.8087   1.932E-01   0.2876   0.4000   1.177E-15   2.82173494E-02   4.22195093E-04
   13200       2519.94    12.8435   5.527E-02   0.0824   0.1144   1.226E-15   2.82173658E-02   4.22191689E-04
   13220       2523.67    13.7756   1.932E-01   0.2880   0.4000   1.171E-15   2.82173817E-02   4.22188365E-04
   13240       2527.53    13.0905   1.932E-01   0.2886   0.4000   1.216E-15   2.82173982E-02   4.22184861E-04
   13260        2531.4    13.4529   1.932E-01   0.2887   0.4000   1.197E-15   2.82174145E-02   4.22181290E-04
   13280       2535.26    13.0322   1.932E-01   0.2888   0.4000   1.184E-15   2.82174307E-02   4.22177642E-04
   13300       2539.13    12.9207   1.932E-01   0.2931   0.4000   1.174E-15   2.82174467E-02   4.22173917E-04
   13320       2542.99    12.8707   1.932E-01   0.2982   0.4000   1.208E-15   2.82174623E-02   4.22170114E-04
   13340       2546.85    13.0319   1.932E-01   0.3015   0.4000   1.218E-15   2.82174776E-02   4.22166241E-04
   13360       2550.58    13.4088   1.932E-01   0.3024   0.4000   1.194E-15   2.82174921E-02   4.22162451E-04
   13380       2554.44    13.3830   1.932E-01   0.3011   0.4000   1.210E-15   2.82175070E-02   4.22158474E-04
   13400       2558.31    13.5209   1.932E-01   0.3019   0.4000   1.182E-15   2.82175218E-02   4.22154465E-04
   13420       2562.17    12.8685   1.932E-01   0.2984   0.4000   1.271E-15   2.82175365E-02   4.22150434E-04
   13440       2566.03    12.9719   1.932E-01   0.3361   0.4000   1.210E-15   2.82175514E-02   4.22146384E-04
   13460        2569.9    13.1858   1.932E-01   0.3373   0.4000   1.349E-15   2.82175666E-02   4.22142309E-04
   13480       2573.76    12.9321   1.932E-01   0.3526   0.4000   1.263E-15   2.82175821E-02   4.22138202E-04
   13500       2577.63    12.8288   1.932E-01   0.3653   0.4000   1.263E-15   2.82175980E-02   4.22134056E-04
   13520       2581.35    13.8747   1.932E-01   0.3616   0.4000   1.289E-15   2.82176137E-02   4.22130026E-04
   13540       2585.22    12.8898   1.932E-01   0.3522   0.4000   1.213E-15   2.82176303E-02   4.22125835E-04
   13560       2589.08    12.8946   1.932E-01   0.3420   0.4000   1.506E-15   2.82176471E-02   4.22121666E-04
   13580       2592.94    12.8387   1.932E-01   0.3420   0.4000   1.487E-15   2.82176641E-02   4.22117564E-04
   13600       2596.81    12.8221   1.932E-01   0.3072   0.4000   1.254E-15   2.82176811E-02   4.22113583E-04
   13620       2600.67    12.9539   1.932E-01   0.3005   0.4000   1.387E-15   2.82176980E-02   4.22109776E-04
   13640       2604.54    12.9706   1.932E-01   0.2947   0.4000   1.278E-15   2.82177147E-02   4.22106185E-04
   13660        2608.4    12.9045   1.932E-01   0.2923   0.4000   1.365E-15   2.82177313E-02   4.22102829E-04
   13680       2612.13    12.9542   1.932E-01   0.2952   0.4000   1.389E-15   2.82177472E-02   4.22099814E-04
   13700       2615.99    12.9939   1.932E-01   0.3107   0.4000   1.304E-15   2.82177636E-02   4.22096901E-04
   13720       2619.85    12.9552   1.932E-01   0.3166   0.4000   1.294E-15   2.82177798E-02   4.22094185E-04
   13740       2623.72    12.8889   1.932E-01   0.3186   0.4000   1.357E-15   2.82177959E-02   4.22091648E-04
   13760       2627.58    12.8871   1.932E-01   0.3259   0.4000   1.471E-15   2.82178115E-02   4.22089284E-04
   13780       2631.44    12.8736   1.932E-01   0.3273   0.4000   1.293E-15   2.82178266E-02   4.22087096E-04
   13800       2635.31    12.9109   1.932E-01   0.3228   0.4000   1.229E-15   2.82178409E-02   4.22085092E-04
   13820       2639.17    12.8865   1.932E-01   0.3189   0.4000   1.243E-15   2.82178543E-02   4.22083281E-04
   13840        2642.9    13.8139   1.932E-01   0.3120   0.4000   1.215E-15   2.82178661E-02   4.22081720E-04
   13860       2646.76    12.8770   1.932E-01   0.3049   0.4000   1.213E-15   2.82178770E-02   4.22080293E-04
   13880       2650.63    12.9059   1.932E-01   0.3055   0.4000   1.223E-15   2.82178868E-02   4.22079057E-04
   13900       2654.49    13.0669   1.932E-01   0.3114   0.4000   1.275E-15   2.82178954E-02   4.22078007E-04
   13920       2658.35    12.8688   1.932E-01   0.3121   0.4000   1.295E-15   2.82179031E-02   4.22077134E-04
   13940       2662.22    12.9018   1.932E-01   0.2998   0.4000   1.179E-15   2.82179099E-02   4.22076428E-04
   13960       2666.08    12.8120   1.932E-01   0.2884   0.4000   1.261E-15   2.82179160E-02   4.22075882E-04
   13980       2669.94    12.8290   5.527E-02   0.0814   0.1144   1.163E-15   2.82179214E-02   4.22075489E-04
   14000       2673.67    12.8780   1.932E-01   0.2804   0.4000   1.273E-15   2.82179262E-02   4.22075252E-04
   14020       2677.53    12.8544   1.932E-01   0.2752   0.4000   1.203E-15   2.82179304E-02   4.22075152E-04
   14040        2681.4    13.0023   1.932E-01   0.2729   0.4000   1.198E-15   2.82179341E-02   4.22075203E-04
   14060       2685.26    12.9103   1.932E-01   0.2735   0.4000   1.217E-15   2.82179372E-02   4.22075412E-04
   14080       2689.13    12.8706   1.932E-01   0.2731   0.4000   1.165E-15   2.82179397E-02   4.22075786E-04
   14100       2692.99    12.8749   1.932E-01   0.2722   0.4000   1.167E-15   2.82179417E-02   4.22076329E-04
   14120       2696.85    12.8374   1.932E-01   0.2779   0.4000   1.176E-15   2.82179432E-02   4.22077043E-04
   14140       2700.58    13.7982   1.932E-01   0.2839   0.4000   1.182E-15   2.82179440E-02   4.22077886E-04
   14160       2704.44    12.8937   1.932E-01   0.2844   0.4000   1.200E-15   2.82179444E-02   4.22078905E-04
   14180       2708.31    12.8834   1.932E-01   0.2750   0.4000   1.187E-15   2.82179441E-02   4.22080049E-04
   14200       2712.17    12.9311   1.932E-01   0.2778   0.4000   1.187E-15   2.82179433E-02   4.22081294E-04
   14220       2716.03    12.9701   1.932E-01   0.2791   0.4000   1.242E-15   2.82179420E-02   4.22082620E-04
   14240        2719.9    12.8303   1.932E-01   0.2799   0.4000   1.202E-15   2.82179403E-02   4.22084005E-04
   14260       2723.76    12.9371   1.932E-01   0.2802   0.4000   1.184E-15   2.82179384E-02   4.22085433E-04
   14280       2727.63    12.8534   1.932E-01   0.2739   0.4000   1.140E-15   2.82179366E-02   4.22086888E-04
   14300       2731.35    12.9205   1.932E-01   0.2822   0.4000   1.179E-15   2.82179351E-02   4.22088298E-04
   14320       2735.22    12.8714   1.932E-01   0.2845   0.4000   1.200E-15   2.82179340E-02   4.22089745E-04
   14340       2739.08    12.9750   1.932E-01   0.2780   0.4000   1.176E-15   2.82179335E-02   4.22091148E-04
   14360       2742.94    12.9768   1.932E-01   0.2771   0.4000   1.138E-15   2.82179340E-02   4.22092474E-04
   14380       2746.81    12.9221   1.932E-01   0.2750   0.4000   1.207E-15   2.82179354E-02   4.22093695E-04
   14400       2750.67    12.9418   1.932E-01   0.2728   0.4000   1.195E-15   2.82179381E-02   4.22094795E-04
   14420       2754.54    12.9037   1.932E-01   0.2747   0.4000   1.167E-15   2.82179420E-02   4.22095773E-04
   14440        2758.4    12.9500   1.932E-01   0.2730   0.4000   1.189E-15   2.82179474E-02   4.22096643E-04
   14460       2762.13    13.8475   1.932E-01   0.2649   0.4000   1.180E-15   2.82179541E-02   4.22097408E-04
   14480       2765.99    12.9475   1.932E-01   0.2704   0.4000   1.246E-15   2.82179626E-02   4.22098155E-04
   14500       2769.85    12.8814   1.932E-01   0.2748   0.4000   1.241E-15   2.82179727E-02   4.22098891E-04
   14520       2773.72    12.9377   1.932E-01   0.2835   0.4000   1.234E-15   2.82179843E-02   4.22099649E-04
   14540       2777.58    12.9373   1.932E-01   0.2909   0.4000   1.308E-15   2.82179973E-02   4.22100457E-04
   14560       2781.44    12.8359   1.932E-01   0.2903   0.4000   1.405E-15   2.82180115E-02   4.22101337E-04
   14580       2785.31    12.8506   1.932E-01   0.2913   0.4000   1.211E-15   2.82180266E-02   4.22102309E-04
   14600       2789.17    12.8619   1.932E-01   0.3000   0.4000   1.209E-15   2.82180424E-02   4.22103385E-04
   14620        2792.9    13.0449   1.932E-01   0.2990   0.4000   1.223E-15   2.82180582E-02   4.22104537E-04
   14640       2796.76    12.9704   1.932E-01   0.2996   0.4000   1.157E-15   2.82180749E-02   4.22105864E-04
   14660       2800.63    12.9552   1.932E-01   0.2910   0.4000   1.240E-15   2.82180918E-02   4.22107346E-04
   14680       2804.49    12.9175   1.932E-01   0.2913   0.4000   1.202E-15   2.82181091E-02   4.22109007E-04
   14700       2808.35    12.9056   1.932E-01   0.3074   0.4000   1.155E-15   2.82181267E-02   4.22110872E-04
   14720       2812.22    12.8977   1.932E-01   0.3117   0.4000   1.244E-15   2.82181447E-02   4.22112962E-04
   14740       2816.08    13.0021   1.932E-01   0.3174   0.4000   1.167E-15   2.82181633E-02   4.22115293E-04
   14760       2819.94    12.9117   5.527E-02   0.0900   0.1144   1.191E-15   2.82181828E-02   4.22117863E-04
   14780       2823.67    13.9883   1.932E-01   0.3055   0.4000   1.236E-15   2.82182024E-02   4.22120559E-04
   14800       2827.53    12.8963   1.932E-01   0.3030   0.4000   1.189E-15   2.82182238E-02   4.22123554E-04
   14820        2831.4    13.0174   1.932E-01   0.2998   0.4000   1.160E-15   2.82182463E-02   4.22126718E-04
   14840       2835.26    13.1859   1.932E-01   0.2940   0.4000   1.191E-15   2.82182697E-02   4.22130011E-04
   14860       2839.13    13.4030   1.932E-01   0.2874   0.4000   1.161E-15   2.82182940E-02   4.22133394E-04
   14880       2842.99    13.4495   1.932E-01   0.2793   0.4000   1.169E-15   2.82183190E-02   4.22136828E-04
   14900       2846.85    17.3503   1.932E-01   0.2698   0.4000   1.202E-15   2.82183447E-02   4.22140285E-04
   14920       2850.58    15.8383   1.932E-01   0.2713   0.4000   1.171E-15   2.82183700E-02   4.22143621E-04
   14940       2854.44    15.9639   1.932E-01   0.2792   0.4000   1.225E-15   2.82183967E-02   4.22147070E-04
   14960       2858.31    23.0964   1.932E-01   0.2739   0.4000   1.182E-15   2.82184239E-02   4.22150505E-04
   14980       2862.17    17.5351   1.932E-01   0.2787   0.4000   1.198E-15   2.82184515E-02   4.22153932E-04
   15000       2866.03    14.7895   1.932E-01   0.2834   0.4000   1.210E-15   2.82184794E-02   4.22157365E-04
   15020        2869.9    14.6372   1.932E-01   0.2924   0.4000   1.196E-15   2.82185074E-02   4.22160823E-04
   15040       2873.76    14.2222   1.932E-01   0.2842   0.4000   1.196E-15   2.82185355E-02   4.22164325E-04
   15060       2877.63    14.0517   1.932E-01   0.2941   0.4000   1.159E-15   2.82185634E-02   4.22167891E-04
   15080       2881.35    16.0064   1.932E-01   0.2919   0.4000   1.222E-15   2.82185901E-02   4.22171402E-04
   15100       2885.22    14.0448   1.932E-01   0.2996   0.4000   1.117E-15   2.82186173E-02   4.22175123E-04
   15120       2889.08    13.6887   1.932E-01   0.3046   0.4000   1.138E-15   2.82186441E-02   4.22178921E-04
   15140       2892.94    13.1040   1.932E-01   0.2980   0.4000   1.216E-15   2.82186702E-02   4.22182788E-04
   15160       2896.81    14.0799   1.932E-01   0.3002   0.4000   1.246E-15   2.82186956E-02   4.22186705E-04
   15180       2900.67    14.0304   1.932E-01   0.2994   0.4000   1.265E-15   2.82187204E-02   4.22190649E-04
   15200       2904.54    13.6839   1.932E-01   0.3097   0.4000   1.189E-15   2.82187446E-02   4.22194590E-04
   15220        2908.4    13.3993   1.932E-01   0.3202   0.4000   1.194E-15   2.82187683E-02   4.22198489E-04
   15240       2912.13    13.7729   1.932E-01   0.3445   0.4000   1.217E-15   2.82187906E-02   4.22202166E-04
   15260       2915.99    13.5841   1.932E-01   0.3482   0.4000   1.267E-15   2.82188134E-02   4.22205846E-04
   15280       2919.85    13.1317   1.932E-01   0.3440   0.4000   1.208E-15   2.82188359E-02   4.22209343E-04
   15300       2923.72    12.9161   1.932E-01   0.3329   0.4000   1.213E-15   2.82188581E-02   4.22212620E-04
   15320       2927.58    14.2148   1.932E-01   0.3221   0.4000   1.306E-15   2.82188801E-02   4.22215646E-04
   15340       2931.44    14.1194   1.932E-01   0.3423   0.4000   1.239E-15   2.82189022E-02   4.22218400E-04
   15360       2935.31    14.2117   1.932E-01   0.3218   0.4000   1.330E-15   2.82189244E-02   4.22220864E-04
   15380       2939.17    13.9161   1.932E-01   0.3298   0.4000   1.167E-15   2.82189469E-02   4.22223025E-04
   15400        2942.9    14.9250   1.932E-01   0.3480   0.4000   1.198E-15   2.82189689E-02   4.22224828E-04
   15420       2946.76    13.9965   1.932E-01   0.3558   0.4000   1.205E-15   2.82189919E-02   4.22226423E-04
   15440       2950.63    14.0471   1.932E-01   0.3576   0.4000   1.182E-15   2.82190151E-02   4.22227773E-04
   15460       2954.49    13.6649   1.932E-01   0.3464   0.4000   1.161E-15   2.82190383E-02   4.22228920E-04
   15480       2958.35    16.9921   1.932E-01   0.3144   0.4000   1.229E-15   2.82190613E-02   4.22229915E-04
   15500       2962.22    23.2050   1.932E-01   0.3009   0.4000   1.219E-15   2.82190840E-02   4.22230810E-04
   15520       2966.08    23.9348   1.932E-01   0.2783   0.4000   1.273E-15   2.82191062E-02   4.22231660E-04
   15540       2969.94    17.6092   5.527E-02   0.0798   0.1144   1.163E-15   2.82191279E-02   4.22232511E-04
   15560       2973.67    20.3035   1.932E-01   0.2742   0.4000   1.148E-15   2.82191481E-02   4.22233363E-04
   15580       2977.53    16.7229   1.932E-01   0.2775   0.4000   1.217E-15   2.82191683E-02   4.22234296E-04
   15600        2981.4    13.6020   1.932E-01   0.2835   0.4000   1.177E-15   2.82191876E-02   4.22235287E-04
   15620       2985.26    16.2693   1.932E-01   0.2833   0.4000   1.198E-15   2.82192063E-02   4.22236335E-04
   15640       2989.13    14.3843   1.932E-01   0.2819   0.4000   1.244E-15   2.82192243E-02   4.22237429E-04
   15660       2992.99    14.5623   1.932E-01   0.2841   0.4000   1.232E-15   2.82192419E-02   4.22238562E-04
